<?xml version="1.0" encoding="UTF-8"?><testsuites failures="396" name="dependency-check" tests="112"><testsuite failures="0" errors="0" time="0" id="0" name="/home/khannasa/.m2/repository/org/hdrhistogram/HdrHistogram/2.1.9/HdrHistogram-2.1.9.jar" package="HdrHistogram-2.1.9.jar" skipped="0" tests="1" timestamp="2023-11-20T12:53:35.601"><testcase classname="dependency-check" name="HdrHistogram-2.1.9.jar"/></testsuite><testsuite failures="0" errors="0" time="0" id="1" name="/home/khannasa/.m2/repository/net/minidev/accessors-smart/1.1/accessors-smart-1.1.jar" package="accessors-smart-1.1.jar" skipped="0" tests="1" timestamp="2023-11-20T12:53:35.601"><testcase classname="dependency-check" name="accessors-smart-1.1.jar"/></testsuite><testsuite failures="0" errors="0" time="0" id="2" name="/home/khannasa/.m2/repository/org/codehaus/mojo/animal-sniffer-annotations/1.14/animal-sniffer-annotations-1.14.jar" package="animal-sniffer-annotations-1.14.jar" skipped="0" tests="1" timestamp="2023-11-20T12:53:35.601"><testcase classname="dependency-check" name="animal-sniffer-annotations-1.14.jar"/></testsuite><testsuite failures="0" errors="0" time="0" id="3" name="/home/khannasa/.m2/repository/antlr/antlr/2.7.7/antlr-2.7.7.jar" package="antlr-2.7.7.jar" skipped="0" tests="1" timestamp="2023-11-20T12:53:35.601"><testcase classname="dependency-check" name="antlr-2.7.7.jar"/></testsuite><testsuite failures="0" errors="0" time="0" id="4" name="/home/khannasa/.m2/repository/org/antlr/antlr-runtime/3.4/antlr-runtime-3.4.jar" package="antlr-runtime-3.4.jar" skipped="0" tests="1" timestamp="2023-11-20T12:53:35.601"><testcase classname="dependency-check" name="antlr-runtime-3.4.jar"/></testsuite><testsuite failures="0" errors="0" time="0" id="5" name="/home/khannasa/.m2/repository/aopalliance/aopalliance/1.0/aopalliance-1.0.jar" package="aopalliance-1.0.jar" skipped="0" tests="1" timestamp="2023-11-20T12:53:35.601"><testcase classname="dependency-check" name="aopalliance-1.0.jar"/></testsuite><testsuite failures="0" errors="0" time="0" id="6" name="/home/khannasa/.m2/repository/com/netflix/archaius/archaius-core/0.7.4/archaius-core-0.7.4.jar" package="archaius-core-0.7.4.jar" skipped="0" tests="1" timestamp="2023-11-20T12:53:35.601"><testcase classname="dependency-check" name="archaius-core-0.7.4.jar"/></testsuite><testsuite failures="0" errors="0" time="0" id="7" name="/home/khannasa/.m2/repository/asm/asm/3.3.1/asm-3.3.1.jar" package="asm-3.3.1.jar" skipped="0" tests="1" timestamp="2023-11-20T12:53:35.601"><testcase classname="dependency-check" name="asm-3.3.1.jar"/></testsuite><testsuite failures="0" errors="0" time="0" id="8" name="/home/khannasa/.m2/repository/org/ow2/asm/asm/5.0.4/asm-5.0.4.jar" package="asm-5.0.4.jar" skipped="0" tests="1" timestamp="2023-11-20T12:53:35.601"><testcase classname="dependency-check" name="asm-5.0.4.jar"/></testsuite><testsuite failures="1" errors="0" time="0" id="9" name="/home/khannasa/.m2/repository/org/bouncycastle/bcpkix-jdk15on/1.55/bcpkix-jdk15on-1.55.jar" package="bcpkix-jdk15on-1.55.jar" skipped="0" tests="1" timestamp="2023-11-20T12:53:35.601"><testcase classname="CVE-2020-26939" name="pkg:maven/org.bouncycastle/bcpkix-jdk15on@1.55"><failure message="cvssV3: MEDIUM, score: 5.3 (CVSS:3.1/AV:N/AC:L/PR:N/UI:N/S:U/C:L/I:N/A:N)"/><system-out>In Legion of the Bouncy Castle BC before 1.61 and BC-FJA before 1.0.1.2, attackers can obtain sensitive information about a private exponent because of Observable Differences in Behavior to Error Inputs. This occurs in org.bouncycastle.crypto.encodings.OAEPEncoding. Sending invalid ciphertext that decrypts to a short payload in the OAEP Decoder could result in the throwing of an early exception, potentially leaking some information about the private exponent of the RSA private key performing the encryption.</system-out><system-err>location: /home/khannasa/.m2/repository/org/bouncycastle/bcpkix-jdk15on/1.55/bcpkix-jdk15on-1.55.jar, project-references: [ java-sec-code:compile ]</system-err></testcase></testsuite><testsuite failures="16" errors="0" time="0" id="10" name="/home/khannasa/.m2/repository/org/bouncycastle/bcprov-jdk15on/1.55/bcprov-jdk15on-1.55.jar" package="bcprov-jdk15on-1.55.jar" skipped="0" tests="16" timestamp="2023-11-20T12:53:35.601"><testcase classname="CVE-2016-1000338" name="pkg:maven/org.bouncycastle/bcprov-jdk15on@1.55"><failure message="cvssV3: HIGH, score: 7.5 (CVSS:3.0/AV:N/AC:L/PR:N/UI:N/S:U/C:N/I:H/A:N)"/><system-out>In Bouncy Castle JCE Provider version 1.55 and earlier the DSA does not fully validate ASN.1 encoding of signature on verification. It is possible to inject extra elements in the sequence making up the signature and still have it validate, which in some cases may allow the introduction of &apos;invisible&apos; data into a signed structure.</system-out><system-err>location: /home/khannasa/.m2/repository/org/bouncycastle/bcprov-jdk15on/1.55/bcprov-jdk15on-1.55.jar, project-references: [ java-sec-code:compile ]</system-err></testcase><testcase classname="CVE-2016-1000340" name="pkg:maven/org.bouncycastle/bcprov-jdk15on@1.55"><failure message="cvssV3: HIGH, score: 7.5 (CVSS:3.0/AV:N/AC:L/PR:N/UI:N/S:U/C:N/I:H/A:N)"/><system-out>In the Bouncy Castle JCE Provider versions 1.51 to 1.55, a carry propagation bug was introduced in the implementation of squaring for several raw math classes have been fixed (org.bouncycastle.math.raw.Nat???). These classes are used by our custom elliptic curve implementations (org.bouncycastle.math.ec.custom.**), so there was the possibility of rare (in general usage) spurious calculations for elliptic curve scalar multiplications. Such errors would have been detected with high probability by the output validation for our scalar multipliers.</system-out><system-err>location: /home/khannasa/.m2/repository/org/bouncycastle/bcprov-jdk15on/1.55/bcprov-jdk15on-1.55.jar, project-references: [ java-sec-code:compile ]</system-err></testcase><testcase classname="CVE-2016-1000342" name="pkg:maven/org.bouncycastle/bcprov-jdk15on@1.55"><failure message="cvssV3: HIGH, score: 7.5 (CVSS:3.0/AV:N/AC:L/PR:N/UI:N/S:U/C:N/I:H/A:N)"/><system-out>In the Bouncy Castle JCE Provider version 1.55 and earlier ECDSA does not fully validate ASN.1 encoding of signature on verification. It is possible to inject extra elements in the sequence making up the signature and still have it validate, which in some cases may allow the introduction of &apos;invisible&apos; data into a signed structure.</system-out><system-err>location: /home/khannasa/.m2/repository/org/bouncycastle/bcprov-jdk15on/1.55/bcprov-jdk15on-1.55.jar, project-references: [ java-sec-code:compile ]</system-err></testcase><testcase classname="CVE-2016-1000343" name="pkg:maven/org.bouncycastle/bcprov-jdk15on@1.55"><failure message="cvssV3: HIGH, score: 7.5 (CVSS:3.0/AV:N/AC:L/PR:N/UI:N/S:U/C:H/I:N/A:N)"/><system-out>In the Bouncy Castle JCE Provider version 1.55 and earlier the DSA key pair generator generates a weak private key if used with default values. If the JCA key pair generator is not explicitly initialised with DSA parameters, 1.55 and earlier generates a private value assuming a 1024 bit key size. In earlier releases this can be dealt with by explicitly passing parameters to the key pair generator.</system-out><system-err>location: /home/khannasa/.m2/repository/org/bouncycastle/bcprov-jdk15on/1.55/bcprov-jdk15on-1.55.jar, project-references: [ java-sec-code:compile ]</system-err></testcase><testcase classname="CVE-2018-1000180" name="pkg:maven/org.bouncycastle/bcprov-jdk15on@1.55"><failure message="cvssV3: HIGH, score: 7.5 (CVSS:3.0/AV:N/AC:L/PR:N/UI:N/S:U/C:H/I:N/A:N)"/><system-out>Bouncy Castle BC 1.54 - 1.59, BC-FJA 1.0.0, BC-FJA 1.0.1 and earlier have a flaw in the Low-level interface to RSA key pair generator, specifically RSA Key Pairs generated in low-level API with added certainty may have less M-R tests than expected. This appears to be fixed in versions BC 1.60 beta 4 and later, BC-FJA 1.0.2 and later.</system-out><system-err>location: /home/khannasa/.m2/repository/org/bouncycastle/bcprov-jdk15on/1.55/bcprov-jdk15on-1.55.jar, project-references: [ java-sec-code:compile ]</system-err></testcase><testcase classname="CVE-2016-1000344" name="pkg:maven/org.bouncycastle/bcprov-jdk15on@1.55"><failure message="cvssV3: HIGH, score: 7.4 (CVSS:3.0/AV:N/AC:H/PR:N/UI:N/S:U/C:H/I:H/A:N)"/><system-out>In the Bouncy Castle JCE Provider version 1.55 and earlier the DHIES implementation allowed the use of ECB mode. This mode is regarded as unsafe and support for it has been removed from the provider.</system-out><system-err>location: /home/khannasa/.m2/repository/org/bouncycastle/bcprov-jdk15on/1.55/bcprov-jdk15on-1.55.jar, project-references: [ java-sec-code:compile ]</system-err></testcase><testcase classname="CVE-2016-1000352" name="pkg:maven/org.bouncycastle/bcprov-jdk15on@1.55"><failure message="cvssV3: HIGH, score: 7.4 (CVSS:3.0/AV:N/AC:H/PR:N/UI:N/S:U/C:H/I:H/A:N)"/><system-out>In the Bouncy Castle JCE Provider version 1.55 and earlier the ECIES implementation allowed the use of ECB mode. This mode is regarded as unsafe and support for it has been removed from the provider.</system-out><system-err>location: /home/khannasa/.m2/repository/org/bouncycastle/bcprov-jdk15on/1.55/bcprov-jdk15on-1.55.jar, project-references: [ java-sec-code:compile ]</system-err></testcase><testcase classname="CVE-2016-1000341" name="pkg:maven/org.bouncycastle/bcprov-jdk15on@1.55"><failure message="cvssV3: MEDIUM, score: 5.9 (CVSS:3.0/AV:N/AC:H/PR:N/UI:N/S:U/C:H/I:N/A:N)"/><system-out>In the Bouncy Castle JCE Provider version 1.55 and earlier DSA signature generation is vulnerable to timing attack. Where timings can be closely observed for the generation of signatures, the lack of blinding in 1.55, or earlier, may allow an attacker to gain information about the signature&apos;s k value and ultimately the private value as well.</system-out><system-err>location: /home/khannasa/.m2/repository/org/bouncycastle/bcprov-jdk15on/1.55/bcprov-jdk15on-1.55.jar, project-references: [ java-sec-code:compile ]</system-err></testcase><testcase classname="CVE-2016-1000345" name="pkg:maven/org.bouncycastle/bcprov-jdk15on@1.55"><failure message="cvssV3: MEDIUM, score: 5.9 (CVSS:3.0/AV:N/AC:H/PR:N/UI:N/S:U/C:H/I:N/A:N)"/><system-out>In the Bouncy Castle JCE Provider version 1.55 and earlier the DHIES/ECIES CBC mode vulnerable to padding oracle attack. For BC 1.55 and older, in an environment where timings can be easily observed, it is possible with enough observations to identify when the decryption is failing due to padding.</system-out><system-err>location: /home/khannasa/.m2/repository/org/bouncycastle/bcprov-jdk15on/1.55/bcprov-jdk15on-1.55.jar, project-references: [ java-sec-code:compile ]</system-err></testcase><testcase classname="CVE-2017-13098" name="pkg:maven/org.bouncycastle/bcprov-jdk15on@1.55"><failure message="cvssV3: MEDIUM, score: 5.9 (CVSS:3.0/AV:N/AC:H/PR:N/UI:N/S:U/C:H/I:N/A:N)"/><system-out>BouncyCastle TLS prior to version 1.0.3, when configured to use the JCE (Java Cryptography Extension) for cryptographic functions, provides a weak Bleichenbacher oracle when any TLS cipher suite using RSA key exchange is negotiated. An attacker can recover the private key from a vulnerable application. This vulnerability is referred to as &quot;ROBOT.&quot;</system-out><system-err>location: /home/khannasa/.m2/repository/org/bouncycastle/bcprov-jdk15on/1.55/bcprov-jdk15on-1.55.jar, project-references: [ java-sec-code:compile ]</system-err></testcase><testcase classname="CVE-2020-15522" name="pkg:maven/org.bouncycastle/bcprov-jdk15on@1.55"><failure message="cvssV3: MEDIUM, score: 5.9 (CVSS:3.1/AV:N/AC:H/PR:N/UI:N/S:U/C:H/I:N/A:N)"/><system-out>Bouncy Castle BC Java before 1.66, BC C# .NET before 1.8.7, BC-FJA before 1.0.1.2, 1.0.2.1, and BC-FNA before 1.0.1.1 have a timing issue within the EC math library that can expose information about the private key when an attacker is able to observe timing information for the generation of multiple deterministic ECDSA signatures.</system-out><system-err>location: /home/khannasa/.m2/repository/org/bouncycastle/bcprov-jdk15on/1.55/bcprov-jdk15on-1.55.jar, project-references: [ java-sec-code:compile ]</system-err></testcase><testcase classname="CVE-2020-0187" name="pkg:maven/org.bouncycastle/bcprov-jdk15on@1.55"><failure message="cvssV2: MEDIUM, score: 5.5 (/AV:L/AC:L/Au:/C:H/I:N/A:N)"/><system-out>In engineSetMode of BaseBlockCipher.java, there is a possible incorrect cryptographic algorithm chosen due to an incomplete comparison. This could lead to local information disclosure with no additional execution privileges needed. User interaction is not needed for exploitation.Product: AndroidVersions: Android-10Android ID: A-148517383</system-out><system-err>location: /home/khannasa/.m2/repository/org/bouncycastle/bcprov-jdk15on/1.55/bcprov-jdk15on-1.55.jar, project-references: [ java-sec-code:compile ]</system-err></testcase><testcase classname="CVE-2016-1000339" name="pkg:maven/org.bouncycastle/bcprov-jdk15on@1.55"><failure message="cvssV3: MEDIUM, score: 5.3 (CVSS:3.0/AV:N/AC:L/PR:N/UI:N/S:U/C:L/I:N/A:N)"/><system-out>In the Bouncy Castle JCE Provider version 1.55 and earlier the primary engine class used for AES was AESFastEngine. Due to the highly table driven approach used in the algorithm it turns out that if the data channel on the CPU can be monitored the lookup table accesses are sufficient to leak information on the AES key being used. There was also a leak in AESEngine although it was substantially less. AESEngine has been modified to remove any signs of leakage (testing carried out on Intel X86-64) and is now the primary AES class for the BC JCE provider from 1.56. Use of AESFastEngine is now only recommended where otherwise deemed appropriate.</system-out><system-err>location: /home/khannasa/.m2/repository/org/bouncycastle/bcprov-jdk15on/1.55/bcprov-jdk15on-1.55.jar, project-references: [ java-sec-code:compile ]</system-err></testcase><testcase classname="CVE-2020-26939" name="pkg:maven/org.bouncycastle/bcprov-jdk15on@1.55"><failure message="cvssV3: MEDIUM, score: 5.3 (CVSS:3.1/AV:N/AC:L/PR:N/UI:N/S:U/C:L/I:N/A:N)"/><system-out>In Legion of the Bouncy Castle BC before 1.61 and BC-FJA before 1.0.1.2, attackers can obtain sensitive information about a private exponent because of Observable Differences in Behavior to Error Inputs. This occurs in org.bouncycastle.crypto.encodings.OAEPEncoding. Sending invalid ciphertext that decrypts to a short payload in the OAEP Decoder could result in the throwing of an early exception, potentially leaking some information about the private exponent of the RSA private key performing the encryption.</system-out><system-err>location: /home/khannasa/.m2/repository/org/bouncycastle/bcprov-jdk15on/1.55/bcprov-jdk15on-1.55.jar, project-references: [ java-sec-code:compile ]</system-err></testcase><testcase classname="CVE-2023-33201" name="pkg:maven/org.bouncycastle/bcprov-jdk15on@1.55"><failure message="cvssV2: MEDIUM, score: 5.3 (/AV:N/AC:L/Au:/C:L/I:N/A:N)"/><system-out>Bouncy Castle For Java before 1.74 is affected by an LDAP injection vulnerability. The vulnerability only affects applications that use an LDAP CertStore from Bouncy Castle to validate X.509 certificates. During the certificate validation process, Bouncy Castle inserts the certificate&apos;s Subject Name into an LDAP search filter without any escaping, which leads to an LDAP injection vulnerability.</system-out><system-err>location: /home/khannasa/.m2/repository/org/bouncycastle/bcprov-jdk15on/1.55/bcprov-jdk15on-1.55.jar, project-references: [ java-sec-code:compile ]</system-err></testcase><testcase classname="CVE-2016-1000346" name="pkg:maven/org.bouncycastle/bcprov-jdk15on@1.55"><failure message="cvssV3: LOW, score: 3.7 (CVSS:3.0/AV:N/AC:H/PR:N/UI:N/S:U/C:L/I:N/A:N)"/><system-out>In the Bouncy Castle JCE Provider version 1.55 and earlier the other party DH public key is not fully validated. This can cause issues as invalid keys can be used to reveal details about the other party&apos;s private key where static Diffie-Hellman is in use. As of release 1.56 the key parameters are checked on agreement calculation.</system-out><system-err>location: /home/khannasa/.m2/repository/org/bouncycastle/bcprov-jdk15on/1.55/bcprov-jdk15on-1.55.jar, project-references: [ java-sec-code:compile ]</system-err></testcase></testsuite><testsuite failures="0" errors="0" time="0" id="11" name="/home/khannasa/.m2/repository/net/bytebuddy/byte-buddy/1.8.12/byte-buddy-1.8.12.jar/META-INF/maven/net.bytebuddy/byte-buddy-dep/pom.xml" package="byte-buddy-1.8.12.jar (shaded: net.bytebuddy:byte-buddy-dep:1.8.12)" skipped="0" tests="1" timestamp="2023-11-20T12:53:35.601"><testcase classname="dependency-check" name="byte-buddy-1.8.12.jar (shaded: net.bytebuddy:byte-buddy-dep:1.8.12)"/></testsuite><testsuite failures="0" errors="0" time="0" id="12" name="/home/khannasa/.m2/repository/net/bytebuddy/byte-buddy/1.8.12/byte-buddy-1.8.12.jar" package="byte-buddy-1.8.12.jar" skipped="0" tests="1" timestamp="2023-11-20T12:53:35.601"><testcase classname="dependency-check" name="byte-buddy-1.8.12.jar"/></testsuite><testsuite failures="0" errors="0" time="0" id="13" name="/home/khannasa/.m2/repository/cglib/cglib/2.2.2/cglib-2.2.2.jar" package="cglib-2.2.2.jar" skipped="0" tests="1" timestamp="2023-11-20T12:53:35.601"><testcase classname="dependency-check" name="cglib-2.2.2.jar"/></testsuite><testsuite failures="0" errors="0" time="0" id="14" name="/home/khannasa/.m2/repository/org/checkerframework/checker-qual/3.5.0/checker-qual-3.5.0.jar" package="checker-qual-3.5.0.jar" skipped="0" tests="1" timestamp="2023-11-20T12:53:35.601"><testcase classname="dependency-check" name="checker-qual-3.5.0.jar"/></testsuite><testsuite failures="0" errors="0" time="0" id="15" name="/home/khannasa/.m2/repository/com/fasterxml/classmate/1.3.3/classmate-1.3.3.jar" package="classmate-1.3.3.jar" skipped="0" tests="1" timestamp="2023-11-20T12:53:35.601"><testcase classname="dependency-check" name="classmate-1.3.3.jar"/></testsuite><testsuite failures="0" errors="0" time="0" id="16" name="/home/khannasa/.m2/repository/commons-beanutils/commons-beanutils/1.9.4/commons-beanutils-1.9.4.jar" package="commons-beanutils-1.9.4.jar" skipped="0" tests="1" timestamp="2023-11-20T12:53:35.601"><testcase classname="dependency-check" name="commons-beanutils-1.9.4.jar"/></testsuite><testsuite failures="0" errors="0" time="0" id="17" name="/home/khannasa/.m2/repository/commons-codec/commons-codec/1.10/commons-codec-1.10.jar" package="commons-codec-1.10.jar" skipped="0" tests="1" timestamp="2023-11-20T12:53:35.601"><testcase classname="dependency-check" name="commons-codec-1.10.jar"/></testsuite><testsuite failures="1" errors="0" time="0" id="18" name="/home/khannasa/.m2/repository/commons-collections/commons-collections/3.1/commons-collections-3.1.jar" package="commons-collections-3.1.jar" skipped="0" tests="1" timestamp="2023-11-20T12:53:35.601"><testcase classname="CVE-2015-6420" name="pkg:maven/commons-collections/commons-collections@3.1"><failure message="cvssV2: HIGH, score: 7.5 (/AV:N/AC:L/Au:N/C:P/I:P/A:P)"/><system-out>Serialized-object interfaces in certain Cisco Collaboration and Social Media; Endpoint Clients and Client Software; Network Application, Service, and Acceleration; Network and Content Security Devices; Network Management and Provisioning; Routing and Switching - Enterprise and Service Provider; Unified Computing; Voice and Unified Communications Devices; Video, Streaming, TelePresence, and Transcoding Devices; Wireless; and Cisco Hosted Services products allow remote attackers to execute arbitrary commands via a crafted serialized Java object, related to the Apache Commons Collections (ACC) library.</system-out><system-err>location: /home/khannasa/.m2/repository/commons-collections/commons-collections/3.1/commons-collections-3.1.jar, project-references: [ java-sec-code:compile ]</system-err></testcase></testsuite><testsuite failures="0" errors="0" time="0" id="19" name="/home/khannasa/.m2/repository/commons-configuration/commons-configuration/1.8/commons-configuration-1.8.jar" package="commons-configuration-1.8.jar" skipped="0" tests="1" timestamp="2023-11-20T12:53:35.601"><testcase classname="dependency-check" name="commons-configuration-1.8.jar"/></testsuite><testsuite failures="0" errors="0" time="0" id="20" name="/home/khannasa/.m2/repository/org/apache/commons/commons-digester3/3.2/commons-digester3-3.2.jar" package="commons-digester3-3.2.jar" skipped="0" tests="1" timestamp="2023-11-20T12:53:35.601"><testcase classname="dependency-check" name="commons-digester3-3.2.jar"/></testsuite><testsuite failures="2" errors="0" time="0" id="21" name="/home/khannasa/.m2/repository/commons-httpclient/commons-httpclient/3.1/commons-httpclient-3.1.jar" package="commons-httpclient-3.1.jar" skipped="0" tests="2" timestamp="2023-11-20T12:53:35.601"><testcase classname="CVE-2012-5783" name="pkg:maven/commons-httpclient/commons-httpclient@3.1"><failure message="cvssV2: MEDIUM, score: 5.8 (/AV:N/AC:M/Au:N/C:P/I:P/A:N)"/><system-out>Apache Commons HttpClient 3.x, as used in Amazon Flexible Payments Service (FPS) merchant Java SDK and other products, does not verify that the server hostname matches a domain name in the subject&apos;s Common Name (CN) or subjectAltName field of the X.509 certificate, which allows man-in-the-middle attackers to spoof SSL servers via an arbitrary valid certificate.</system-out><system-err>location: /home/khannasa/.m2/repository/commons-httpclient/commons-httpclient/3.1/commons-httpclient-3.1.jar, project-references: [ java-sec-code:compile ]</system-err></testcase><testcase classname="CVE-2020-13956" name="pkg:maven/commons-httpclient/commons-httpclient@3.1"><failure message="cvssV3: MEDIUM, score: 5.3 (CVSS:3.1/AV:N/AC:L/PR:N/UI:N/S:U/C:N/I:L/A:N)"/><system-out>Apache HttpClient versions prior to version 4.5.13 and 5.0.3 can misinterpret malformed authority component in request URIs passed to the library as java.net.URI object and pick the wrong target host for request execution.</system-out><system-err>location: /home/khannasa/.m2/repository/commons-httpclient/commons-httpclient/3.1/commons-httpclient-3.1.jar, project-references: [ java-sec-code:compile ]</system-err></testcase></testsuite><testsuite failures="1" errors="0" time="0" id="22" name="/home/khannasa/.m2/repository/commons-io/commons-io/2.5/commons-io-2.5.jar" package="commons-io-2.5.jar" skipped="0" tests="1" timestamp="2023-11-20T12:53:35.601"><testcase classname="CVE-2021-29425" name="pkg:maven/commons-io/commons-io@2.5"><failure message="cvssV3: MEDIUM, score: 4.8 (CVSS:3.1/AV:N/AC:H/PR:N/UI:N/S:U/C:L/I:L/A:N)"/><system-out>In Apache Commons IO before 2.7, When invoking the method FileNameUtils.normalize with an improper input string, like &quot;//../foo&quot;, or &quot;\\..\foo&quot;, the result would be the same value, thus possibly providing access to files in the parent directory, but not further above (thus &quot;limited&quot; path traversal), if the calling code would use the result to construct a path value.</system-out><system-err>location: /home/khannasa/.m2/repository/commons-io/commons-io/2.5/commons-io-2.5.jar, project-references: [ java-sec-code:compile ]</system-err></testcase></testsuite><testsuite failures="3" errors="0" time="0" id="23" name="/home/khannasa/.m2/repository/commons-jxpath/commons-jxpath/1.3/commons-jxpath-1.3.jar" package="commons-jxpath-1.3.jar" skipped="0" tests="3" timestamp="2023-11-20T12:53:35.601"><testcase classname="CVE-2022-41852" name="pkg:maven/commons-jxpath/commons-jxpath@1.3"><failure message="cvssV2: HIGH, score: 9.8 (/AV:N/AC:L/Au:/C:H/I:H/A:H)"/><system-out>Rejected reason: DO NOT USE THIS CANDIDATE NUMBER. ConsultIDs: none. Reason: This candidate was withdrawn by its CNA. Further investigation showed that it was not a security issue. Notes: none.

Sonatype&apos;s research suggests that this CVE&apos;s details differ from those defined at NVD. See https://ossindex.sonatype.org/vulnerability/CVE-2022-41852 for details</system-out><system-err>location: /home/khannasa/.m2/repository/commons-jxpath/commons-jxpath/1.3/commons-jxpath-1.3.jar, project-references: [ java-sec-code:runtime ]</system-err></testcase><testcase classname="CVE-2022-40159" name="pkg:maven/commons-jxpath/commons-jxpath@1.3"><failure message="cvssV3: MEDIUM, score: 6.5 (CVSS:3.1/AV:N/AC:L/PR:L/UI:N/S:U/C:N/I:N/A:H)"/><system-out>** DISPUTED ** This record was originally reported by the oss-fuzz project who failed to consider the security context in which JXPath is intended to be used and failed to contact the JXPath maintainers prior to requesting the CVE allocation. The CVE was then allocated by Google in breach of the CNA rules. After review by the JXPath maintainers, the original report was found to be invalid.</system-out><system-err>location: /home/khannasa/.m2/repository/commons-jxpath/commons-jxpath/1.3/commons-jxpath-1.3.jar, project-references: [ java-sec-code:runtime ]</system-err></testcase><testcase classname="CVE-2022-40160" name="pkg:maven/commons-jxpath/commons-jxpath@1.3"><failure message="cvssV3: MEDIUM, score: 6.5 (CVSS:3.1/AV:N/AC:L/PR:L/UI:N/S:U/C:N/I:N/A:H)"/><system-out>** DISPUTED ** This record was originally reported by the oss-fuzz project who failed to consider the security context in which JXPath is intended to be used and failed to contact the JXPath maintainers prior to requesting the CVE allocation. The CVE was then allocated by Google in breach of the CNA rules. After review by the JXPath maintainers, the original report was found to be invalid.</system-out><system-err>location: /home/khannasa/.m2/repository/commons-jxpath/commons-jxpath/1.3/commons-jxpath-1.3.jar, project-references: [ java-sec-code:runtime ]</system-err></testcase></testsuite><testsuite failures="0" errors="0" time="0" id="24" name="/home/khannasa/.m2/repository/commons-lang/commons-lang/2.4/commons-lang-2.4.jar" package="commons-lang-2.4.jar" skipped="0" tests="1" timestamp="2023-11-20T12:53:35.601"><testcase classname="dependency-check" name="commons-lang-2.4.jar"/></testsuite><testsuite failures="0" errors="0" time="0" id="25" name="/home/khannasa/.m2/repository/commons-logging/commons-logging/1.1.3/commons-logging-1.1.3.jar" package="commons-logging-1.1.3.jar" skipped="0" tests="1" timestamp="2023-11-20T12:53:35.601"><testcase classname="dependency-check" name="commons-logging-1.1.3.jar"/></testsuite><testsuite failures="0" errors="0" time="0" id="26" name="/home/khannasa/.m2/repository/org/apache/commons/commons-math/2.2/commons-math-2.2.jar" package="commons-math-2.2.jar" skipped="0" tests="1" timestamp="2023-11-20T12:53:35.601"><testcase classname="dependency-check" name="commons-math-2.2.jar"/></testsuite><testsuite failures="1" errors="0" time="0" id="27" name="/home/khannasa/.m2/repository/commons-net/commons-net/3.6/commons-net-3.6.jar" package="commons-net-3.6.jar" skipped="0" tests="1" timestamp="2023-11-20T12:53:35.601"><testcase classname="CVE-2021-37533" name="pkg:maven/commons-net/commons-net@3.6"><failure message="cvssV3: MEDIUM, score: 6.5 (CVSS:3.1/AV:N/AC:L/PR:N/UI:R/S:U/C:H/I:N/A:N)"/><system-out>Prior to Apache Commons Net 3.9.0, Net&apos;s FTP client trusts the host from PASV response by default. A malicious server can redirect the Commons Net code to use a different host, but the user has to connect to the malicious server in the first place. This may lead to leakage of information about services running on the private network of the client. The default in version 3.9.0 is now false to ignore such hosts, as cURL does. See https://issues.apache.org/jira/browse/NET-711.</system-out><system-err>location: /home/khannasa/.m2/repository/commons-net/commons-net/3.6/commons-net-3.6.jar, project-references: [ java-sec-code:compile ]</system-err></testcase></testsuite><testsuite failures="3" errors="0" time="0" id="28" name="/home/khannasa/.m2/repository/dom4j/dom4j/1.6.1/dom4j-1.6.1.jar" package="dom4j-1.6.1.jar" skipped="0" tests="3" timestamp="2023-11-20T12:53:35.601"><testcase classname="CVE-2020-10683" name="pkg:maven/dom4j/dom4j@1.6.1"><failure message="cvssV3: CRITICAL, score: 9.8 (CVSS:3.1/AV:N/AC:L/PR:N/UI:N/S:U/C:H/I:H/A:H)"/><system-out>dom4j before 2.0.3 and 2.1.x before 2.1.3 allows external DTDs and External Entities by default, which might enable XXE attacks. However, there is popular external documentation from OWASP showing how to enable the safe, non-default behavior in any application that uses dom4j.</system-out><system-err>location: /home/khannasa/.m2/repository/dom4j/dom4j/1.6.1/dom4j-1.6.1.jar, project-references: [ java-sec-code:compile ]</system-err></testcase><testcase classname="CVE-2018-1000632" name="pkg:maven/dom4j/dom4j@1.6.1"><failure message="cvssV2: HIGH, score: 7.5 (/AV:N/AC:L/Au:/C:N/I:H/A:N)"/><system-out>dom4j version prior to version 2.1.1 contains a CWE-91: XML Injection vulnerability in Class: Element. Methods: addElement, addAttribute that can result in an attacker tampering with XML documents through XML injection. This attack appear to be exploitable via an attacker specifying attributes or elements in the XML document. This vulnerability appears to have been fixed in 2.1.1 or later.</system-out><system-err>location: /home/khannasa/.m2/repository/dom4j/dom4j/1.6.1/dom4j-1.6.1.jar, project-references: [ java-sec-code:compile ]</system-err></testcase><testcase classname="CVE-2023-45960" name="pkg:maven/dom4j/dom4j@1.6.1"><failure message="cvssV3: HIGH, score: 7.5 (CVSS:3.1/AV:N/AC:L/PR:N/UI:N/S:U/C:H/I:N/A:N)"/><system-out>An issue in dom4.j org.dom4.io.SAXReader v.2.1.4 and before allows a remote attacker to obtain sensitive information via the setFeature function. NOTE: the vendor and original reporter indicate that this is not a vulnerability because setFeature only sets features, which &quot;can be safe in one case and unsafe in another.&quot;</system-out><system-err>location: /home/khannasa/.m2/repository/dom4j/dom4j/1.6.1/dom4j-1.6.1.jar, project-references: [ java-sec-code:compile ]</system-err></testcase></testsuite><testsuite failures="3" errors="0" time="0" id="29" name="/home/khannasa/.m2/repository/org/dom4j/dom4j/2.1.0/dom4j-2.1.0.jar" package="dom4j-2.1.0.jar" skipped="0" tests="3" timestamp="2023-11-20T12:53:35.601"><testcase classname="CVE-2020-10683" name="pkg:maven/org.dom4j/dom4j@2.1.0"><failure message="cvssV3: CRITICAL, score: 9.8 (CVSS:3.1/AV:N/AC:L/PR:N/UI:N/S:U/C:H/I:H/A:H)"/><system-out>dom4j before 2.0.3 and 2.1.x before 2.1.3 allows external DTDs and External Entities by default, which might enable XXE attacks. However, there is popular external documentation from OWASP showing how to enable the safe, non-default behavior in any application that uses dom4j.</system-out><system-err>location: /home/khannasa/.m2/repository/org/dom4j/dom4j/2.1.0/dom4j-2.1.0.jar, project-references: [ java-sec-code:compile ]</system-err></testcase><testcase classname="CVE-2018-1000632" name="pkg:maven/org.dom4j/dom4j@2.1.0"><failure message="cvssV3: HIGH, score: 7.5 (CVSS:3.1/AV:N/AC:L/PR:N/UI:N/S:U/C:N/I:H/A:N)"/><system-out>dom4j version prior to version 2.1.1 contains a CWE-91: XML Injection vulnerability in Class: Element. Methods: addElement, addAttribute that can result in an attacker tampering with XML documents through XML injection. This attack appear to be exploitable via an attacker specifying attributes or elements in the XML document. This vulnerability appears to have been fixed in 2.1.1 or later.</system-out><system-err>location: /home/khannasa/.m2/repository/org/dom4j/dom4j/2.1.0/dom4j-2.1.0.jar, project-references: [ java-sec-code:compile ]</system-err></testcase><testcase classname="CVE-2023-45960" name="pkg:maven/org.dom4j/dom4j@2.1.0"><failure message="cvssV3: HIGH, score: 7.5 (CVSS:3.1/AV:N/AC:L/PR:N/UI:N/S:U/C:H/I:N/A:N)"/><system-out>An issue in dom4.j org.dom4.io.SAXReader v.2.1.4 and before allows a remote attacker to obtain sensitive information via the setFeature function. NOTE: the vendor and original reporter indicate that this is not a vulnerability because setFeature only sets features, which &quot;can be safe in one case and unsafe in another.&quot;</system-out><system-err>location: /home/khannasa/.m2/repository/org/dom4j/dom4j/2.1.0/dom4j-2.1.0.jar, project-references: [ java-sec-code:compile ]</system-err></testcase></testsuite><testsuite failures="0" errors="0" time="0" id="30" name="/home/khannasa/.m2/repository/com/google/errorprone/error_prone_annotations/2.0.18/error_prone_annotations-2.0.18.jar" package="error_prone_annotations-2.0.18.jar" skipped="0" tests="1" timestamp="2023-11-20T12:53:35.601"><testcase classname="dependency-check" name="error_prone_annotations-2.0.18.jar"/></testsuite><testsuite failures="0" errors="0" time="0" id="31" name="/home/khannasa/.m2/repository/com/netflix/eureka/eureka-client/1.4.11/eureka-client-1.4.11.jar" package="eureka-client-1.4.11.jar" skipped="0" tests="1" timestamp="2023-11-20T12:53:35.601"><testcase classname="dependency-check" name="eureka-client-1.4.11.jar"/></testsuite><testsuite failures="0" errors="0" time="0" id="32" name="/home/khannasa/.m2/repository/com/netflix/eureka/eureka-core/1.4.11/eureka-core-1.4.11.jar" package="eureka-core-1.4.11.jar" skipped="0" tests="1" timestamp="2023-11-20T12:53:35.601"><testcase classname="dependency-check" name="eureka-core-1.4.11.jar"/></testsuite><testsuite failures="2" errors="0" time="0" id="33" name="/home/khannasa/.m2/repository/com/alibaba/fastjson/1.2.24/fastjson-1.2.24.jar" package="fastjson-1.2.24.jar" skipped="0" tests="2" timestamp="2023-11-20T12:53:35.601"><testcase classname="CVE-2017-18349" name="pkg:maven/com.alibaba/fastjson@1.2.24"><failure message="cvssV3: CRITICAL, score: 9.8 (CVSS:3.0/AV:N/AC:L/PR:N/UI:N/S:U/C:H/I:H/A:H)"/><system-out>parseObject in Fastjson before 1.2.25, as used in FastjsonEngine in Pippo 1.11.0 and other products, allows remote attackers to execute arbitrary code via a crafted JSON request, as demonstrated by a crafted rmi:// URI in the dataSourceName field of HTTP POST data to the Pippo /json URI, which is mishandled in AjaxApplication.java.</system-out><system-err>location: /home/khannasa/.m2/repository/com/alibaba/fastjson/1.2.24/fastjson-1.2.24.jar, project-references: [ java-sec-code:compile ]</system-err></testcase><testcase classname="CVE-2022-25845" name="pkg:maven/com.alibaba/fastjson@1.2.24"><failure message="cvssV3: CRITICAL, score: 9.8 (CVSS:3.1/AV:N/AC:L/PR:N/UI:N/S:U/C:H/I:H/A:H)"/><system-out>The package com.alibaba:fastjson before 1.2.83 are vulnerable to Deserialization of Untrusted Data by bypassing the default autoType shutdown restrictions, which is possible under certain conditions. Exploiting this vulnerability allows attacking remote servers. Workaround: If upgrading is not possible, you can enable [safeMode](https://github.com/alibaba/fastjson/wiki/fastjson_safemode).</system-out><system-err>location: /home/khannasa/.m2/repository/com/alibaba/fastjson/1.2.24/fastjson-1.2.24.jar, project-references: [ java-sec-code:compile ]</system-err></testcase></testsuite><testsuite failures="1" errors="0" time="0" id="34" name="/home/khannasa/.m2/repository/org/apache/httpcomponents/fluent-hc/4.3.6/fluent-hc-4.3.6.jar" package="fluent-hc-4.3.6.jar" skipped="0" tests="1" timestamp="2023-11-20T12:53:35.601"><testcase classname="CVE-2020-13956" name="pkg:maven/org.apache.httpcomponents/fluent-hc@4.3.6"><failure message="cvssV3: MEDIUM, score: 5.3 (CVSS:3.1/AV:N/AC:L/PR:N/UI:N/S:U/C:N/I:L/A:N)"/><system-out>Apache HttpClient versions prior to version 4.5.13 and 5.0.3 can misinterpret malformed authority component in request URIs passed to the library as java.net.URI object and pick the wrong target host for request execution.</system-out><system-err>location: /home/khannasa/.m2/repository/org/apache/httpcomponents/fluent-hc/4.3.6/fluent-hc-4.3.6.jar, project-references: [ java-sec-code:compile ]</system-err></testcase></testsuite><testsuite failures="0" errors="0" time="0" id="35" name="/home/khannasa/.m2/repository/com/netflix/governator/governator/1.12.10/governator-1.12.10.jar" package="governator-1.12.10.jar" skipped="0" tests="1" timestamp="2023-11-20T12:53:35.601"><testcase classname="dependency-check" name="governator-1.12.10.jar"/></testsuite><testsuite failures="0" errors="0" time="0" id="36" name="/home/khannasa/.m2/repository/com/netflix/governator/governator-api/1.12.10/governator-api-1.12.10.jar" package="governator-api-1.12.10.jar" skipped="0" tests="1" timestamp="2023-11-20T12:53:35.601"><testcase classname="dependency-check" name="governator-api-1.12.10.jar"/></testsuite><testsuite failures="0" errors="0" time="0" id="37" name="/home/khannasa/.m2/repository/com/netflix/governator/governator-core/1.12.10/governator-core-1.12.10.jar" package="governator-core-1.12.10.jar" skipped="0" tests="1" timestamp="2023-11-20T12:53:35.601"><testcase classname="dependency-check" name="governator-core-1.12.10.jar"/></testsuite><testsuite failures="2" errors="0" time="0" id="38" name="/home/khannasa/.m2/repository/org/codehaus/groovy/groovy/2.4.7/groovy-2.4.7.jar" package="groovy-2.4.7.jar" skipped="0" tests="2" timestamp="2023-11-20T12:53:35.601"><testcase classname="CVE-2016-6814" name="pkg:maven/org.codehaus.groovy/groovy@2.4.7"><failure message="cvssV3: CRITICAL, score: 9.8 (CVSS:3.0/AV:N/AC:L/PR:N/UI:N/S:U/C:H/I:H/A:H)"/><system-out>When an application with unsupported Codehaus versions of Groovy from 1.7.0 to 2.4.3, Apache Groovy 2.4.4 to 2.4.7 on classpath uses standard Java serialization mechanisms, e.g. to communicate between servers or to store local data, it was possible for an attacker to bake a special serialized object that will execute code directly when deserialized. All applications which rely on serialization and do not isolate the code which deserializes objects were subject to this vulnerability.</system-out><system-err>location: /home/khannasa/.m2/repository/org/codehaus/groovy/groovy/2.4.7/groovy-2.4.7.jar, project-references: [ java-sec-code:compile ]</system-err></testcase><testcase classname="CVE-2020-17521" name="pkg:maven/org.codehaus.groovy/groovy@2.4.7"><failure message="cvssV3: MEDIUM, score: 5.5 (CVSS:3.1/AV:L/AC:L/PR:L/UI:N/S:U/C:H/I:N/A:N)"/><system-out>Apache Groovy provides extension methods to aid with creating temporary directories. Prior to this fix, Groovy&apos;s implementation of those extension methods was using a now superseded Java JDK method call that is potentially not secure on some operating systems in some contexts. Users not using the extension methods mentioned in the advisory are not affected, but may wish to read the advisory for further details. Versions Affected: 2.0 to 2.4.20, 2.5.0 to 2.5.13, 3.0.0 to 3.0.6, and 4.0.0-alpha-1. Fixed in versions 2.4.21, 2.5.14, 3.0.7, 4.0.0-alpha-2.</system-out><system-err>location: /home/khannasa/.m2/repository/org/codehaus/groovy/groovy/2.4.7/groovy-2.4.7.jar, project-references: [ java-sec-code:compile ]</system-err></testcase></testsuite><testsuite failures="1" errors="0" time="0" id="39" name="/home/khannasa/.m2/repository/com/google/code/gson/gson/2.8.0/gson-2.8.0.jar" package="gson-2.8.0.jar" skipped="0" tests="1" timestamp="2023-11-20T12:53:35.601"><testcase classname="CVE-2022-25647" name="pkg:maven/com.google.code.gson/gson@2.8.0"><failure message="cvssV3: HIGH, score: 7.5 (CVSS:3.1/AV:N/AC:L/PR:N/UI:N/S:U/C:N/I:N/A:H)"/><system-out>The package com.google.code.gson:gson before 2.8.9 are vulnerable to Deserialization of Untrusted Data via the writeReplace() method in internal classes, which may lead to DoS attacks.</system-out><system-err>location: /home/khannasa/.m2/repository/com/google/code/gson/gson/2.8.0/gson-2.8.0.jar, project-references: [ java-sec-code:runtime ]</system-err></testcase></testsuite><testsuite failures="3" errors="0" time="0" id="40" name="/home/khannasa/.m2/repository/com/google/guava/guava/23.0/guava-23.0.jar" package="guava-23.0.jar" skipped="0" tests="3" timestamp="2023-11-20T12:53:35.601"><testcase classname="CVE-2023-2976" name="pkg:maven/com.google.guava/guava@23.0"><failure message="cvssV3: HIGH, score: 7.1 (CVSS:3.1/AV:L/AC:L/PR:L/UI:N/S:U/C:H/I:H/A:N)"/><system-out>Use of Java&apos;s default temporary directory for file creation in `FileBackedOutputStream` in Google Guava versions 1.0 to 31.1 on Unix systems and Android Ice Cream Sandwich allows other users and apps on the machine with access to the default Java temporary directory to be able to access the files created by the class.

Even though the security vulnerability is fixed in version 32.0.0, we recommend using version 32.0.1 as version 32.0.0 breaks some functionality under Windows.

</system-out><system-err>location: /home/khannasa/.m2/repository/com/google/guava/guava/23.0/guava-23.0.jar, project-references: [ java-sec-code:compile ]</system-err></testcase><testcase classname="CVE-2018-10237" name="pkg:maven/com.google.guava/guava@23.0"><failure message="cvssV3: MEDIUM, score: 5.9 (CVSS:3.1/AV:N/AC:H/PR:N/UI:N/S:U/C:N/I:N/A:H)"/><system-out>Unbounded memory allocation in Google Guava 11.0 through 24.x before 24.1.1 allows remote attackers to conduct denial of service attacks against servers that depend on this library and deserialize attacker-provided data, because the AtomicDoubleArray class (when serialized with Java serialization) and the CompoundOrdering class (when serialized with GWT serialization) perform eager allocation without appropriate checks on what a client has sent and whether the data size is reasonable.</system-out><system-err>location: /home/khannasa/.m2/repository/com/google/guava/guava/23.0/guava-23.0.jar, project-references: [ java-sec-code:compile ]</system-err></testcase><testcase classname="CVE-2020-8908" name="pkg:maven/com.google.guava/guava@23.0"><failure message="cvssV3: LOW, score: 3.3 (CVSS:3.1/AV:L/AC:L/PR:L/UI:N/S:U/C:L/I:N/A:N)"/><system-out>A temp directory creation vulnerability exists in all versions of Guava, allowing an attacker with access to the machine to potentially access data in a temporary directory created by the Guava API com.google.common.io.Files.createTempDir(). By default, on unix-like systems, the created directory is world-readable (readable by an attacker with access to the system). The method in question has been marked @Deprecated in versions 30.0 and later and should not be used. For Android developers, we recommend choosing a temporary directory API provided by Android, such as context.getCacheDir(). For other Java developers, we recommend migrating to the Java 7 API java.nio.file.Files.createTempDirectory() which explicitly configures permissions of 700, or configuring the Java runtime&apos;s java.io.tmpdir system property to point to a location whose permissions are appropriately configured.

</system-out><system-err>location: /home/khannasa/.m2/repository/com/google/guava/guava/23.0/guava-23.0.jar, project-references: [ java-sec-code:compile ]</system-err></testcase></testsuite><testsuite failures="0" errors="0" time="0" id="41" name="/home/khannasa/.m2/repository/com/google/inject/guice/4.0/guice-4.0.jar" package="guice-4.0.jar" skipped="0" tests="1" timestamp="2023-11-20T12:53:35.601"><testcase classname="dependency-check" name="guice-4.0.jar"/></testsuite><testsuite failures="0" errors="0" time="0" id="42" name="/home/khannasa/.m2/repository/com/google/inject/extensions/guice-assistedinject/4.0/guice-assistedinject-4.0.jar" package="guice-assistedinject-4.0.jar" skipped="0" tests="1" timestamp="2023-11-20T12:53:35.601"><testcase classname="dependency-check" name="guice-assistedinject-4.0.jar"/></testsuite><testsuite failures="0" errors="0" time="0" id="43" name="/home/khannasa/.m2/repository/com/google/inject/extensions/guice-grapher/4.0/guice-grapher-4.0.jar" package="guice-grapher-4.0.jar" skipped="0" tests="1" timestamp="2023-11-20T12:53:35.601"><testcase classname="dependency-check" name="guice-grapher-4.0.jar"/></testsuite><testsuite failures="0" errors="0" time="0" id="44" name="/home/khannasa/.m2/repository/com/google/inject/extensions/guice-multibindings/4.0/guice-multibindings-4.0.jar" package="guice-multibindings-4.0.jar" skipped="0" tests="1" timestamp="2023-11-20T12:53:35.601"><testcase classname="dependency-check" name="guice-multibindings-4.0.jar"/></testsuite><testsuite failures="0" errors="0" time="0" id="45" name="/home/khannasa/.m2/repository/org/hamcrest/hamcrest-core/1.3/hamcrest-core-1.3.jar" package="hamcrest-core-1.3.jar" skipped="0" tests="1" timestamp="2023-11-20T12:53:35.601"><testcase classname="dependency-check" name="hamcrest-core-1.3.jar"/></testsuite><testsuite failures="5" errors="0" time="0" id="46" name="/home/khannasa/.m2/repository/org/hibernate/hibernate-validator/5.3.4.Final/hibernate-validator-5.3.4.Final.jar" package="hibernate-validator-5.3.4.Final.jar" skipped="0" tests="5" timestamp="2023-11-20T12:53:35.601"><testcase classname="CVE-2020-25638" name="pkg:maven/org.hibernate/hibernate-validator@5.3.4.Final"><failure message="cvssV3: HIGH, score: 7.4 (CVSS:3.1/AV:N/AC:H/PR:N/UI:N/S:U/C:H/I:H/A:N)"/><system-out>A flaw was found in hibernate-core in versions prior to and including 5.4.23.Final. A SQL injection in the implementation of the JPA Criteria API can permit unsanitized literals when a literal is used in the SQL comments of the query. This flaw could allow an attacker to access unauthorized information or possibly conduct further attacks. The highest threat from this vulnerability is to data confidentiality and integrity.</system-out><system-err>location: /home/khannasa/.m2/repository/org/hibernate/hibernate-validator/5.3.4.Final/hibernate-validator-5.3.4.Final.jar, project-references: [ java-sec-code:compile ]</system-err></testcase><testcase classname="CVE-2017-7536" name="pkg:maven/org.hibernate/hibernate-validator@5.3.4.Final"><failure message="cvssV3: HIGH, score: 7.0 (CVSS:3.1/AV:L/AC:H/PR:L/UI:N/S:U/C:H/I:H/A:H)"/><system-out>In Hibernate Validator 5.2.x before 5.2.5 final, 5.3.x, and 5.4.x, it was found that when the security manager&apos;s reflective permissions, which allows it to access the private members of the class, are granted to Hibernate Validator, a potential privilege escalation can occur. By allowing the calling code to access those private members without the permission an attacker may be able to validate an invalid instance and access the private member value via ConstraintViolation#getInvalidValue().</system-out><system-err>location: /home/khannasa/.m2/repository/org/hibernate/hibernate-validator/5.3.4.Final/hibernate-validator-5.3.4.Final.jar, project-references: [ java-sec-code:compile ]</system-err></testcase><testcase classname="CVE-2019-14900" name="pkg:maven/org.hibernate/hibernate-validator@5.3.4.Final"><failure message="cvssV3: MEDIUM, score: 6.5 (CVSS:3.1/AV:N/AC:L/PR:L/UI:N/S:U/C:H/I:N/A:N)"/><system-out>A flaw was found in Hibernate ORM in versions before 5.3.18, 5.4.18 and 5.5.0.Beta1. A SQL injection in the implementation of the JPA Criteria API can permit unsanitized literals when a literal is used in the SELECT or GROUP BY parts of the query. This flaw could allow an attacker to access unauthorized information or possibly conduct further attacks.</system-out><system-err>location: /home/khannasa/.m2/repository/org/hibernate/hibernate-validator/5.3.4.Final/hibernate-validator-5.3.4.Final.jar, project-references: [ java-sec-code:compile ]</system-err></testcase><testcase classname="CVE-2019-10219" name="pkg:maven/org.hibernate/hibernate-validator@5.3.4.Final"><failure message="cvssV3: MEDIUM, score: 6.1 (CVSS:3.1/AV:N/AC:L/PR:N/UI:R/S:C/C:L/I:L/A:N)"/><system-out>A vulnerability was found in Hibernate-Validator. The SafeHtml validator annotation fails to properly sanitize payloads consisting of potentially malicious code in HTML comments and instructions. This vulnerability can result in an XSS attack.</system-out><system-err>location: /home/khannasa/.m2/repository/org/hibernate/hibernate-validator/5.3.4.Final/hibernate-validator-5.3.4.Final.jar, project-references: [ java-sec-code:compile ]</system-err></testcase><testcase classname="CVE-2020-10693" name="pkg:maven/org.hibernate/hibernate-validator@5.3.4.Final"><failure message="cvssV3: MEDIUM, score: 5.3 (CVSS:3.1/AV:N/AC:L/PR:N/UI:N/S:U/C:N/I:L/A:N)"/><system-out>A flaw was found in Hibernate Validator version 6.1.2.Final. A bug in the message interpolation processor enables invalid EL expressions to be evaluated as if they were valid. This flaw allows attackers to bypass input sanitation (escaping, stripping) controls that developers may have put in place when handling user-controlled data in error messages.</system-out><system-err>location: /home/khannasa/.m2/repository/org/hibernate/hibernate-validator/5.3.4.Final/hibernate-validator-5.3.4.Final.jar, project-references: [ java-sec-code:compile ]</system-err></testcase></testsuite><testsuite failures="0" errors="0" time="0" id="47" name="/home/khannasa/.m2/repository/org/apache/httpcomponents/httpasyncclient/4.1.4/httpasyncclient-4.1.4.jar" package="httpasyncclient-4.1.4.jar" skipped="0" tests="1" timestamp="2023-11-20T12:53:35.601"><testcase classname="dependency-check" name="httpasyncclient-4.1.4.jar"/></testsuite><testsuite failures="1" errors="0" time="0" id="48" name="/home/khannasa/.m2/repository/org/apache/httpcomponents/httpclient/4.5.12/httpclient-4.5.12.jar" package="httpclient-4.5.12.jar" skipped="0" tests="1" timestamp="2023-11-20T12:53:35.601"><testcase classname="CVE-2020-13956" name="pkg:maven/org.apache.httpcomponents/httpclient@4.5.12"><failure message="cvssV3: MEDIUM, score: 5.3 (CVSS:3.1/AV:N/AC:L/PR:N/UI:N/S:U/C:N/I:L/A:N)"/><system-out>Apache HttpClient versions prior to version 4.5.13 and 5.0.3 can misinterpret malformed authority component in request URIs passed to the library as java.net.URI object and pick the wrong target host for request execution.</system-out><system-err>location: /home/khannasa/.m2/repository/org/apache/httpcomponents/httpclient/4.5.12/httpclient-4.5.12.jar, project-references: [ java-sec-code:compile ]</system-err></testcase></testsuite><testsuite failures="0" errors="0" time="0" id="49" name="/home/khannasa/.m2/repository/org/apache/httpcomponents/httpcore/4.4.6/httpcore-4.4.6.jar" package="httpcore-4.4.6.jar" skipped="0" tests="1" timestamp="2023-11-20T12:53:35.601"><testcase classname="dependency-check" name="httpcore-4.4.6.jar"/></testsuite><testsuite failures="0" errors="0" time="0" id="50" name="/home/khannasa/.m2/repository/org/apache/httpcomponents/httpcore-nio/4.4.10/httpcore-nio-4.4.10.jar" package="httpcore-nio-4.4.10.jar" skipped="0" tests="1" timestamp="2023-11-20T12:53:35.601"><testcase classname="dependency-check" name="httpcore-nio-4.4.10.jar"/></testsuite><testsuite failures="5" errors="0" time="0" id="51" name="/home/khannasa/.m2/repository/cn/hutool/hutool-all/5.8.10/hutool-all-5.8.10.jar" package="hutool-all-5.8.10.jar" skipped="0" tests="5" timestamp="2023-11-20T12:53:35.601"><testcase classname="CVE-2022-4565" name="pkg:maven/cn.hutool/hutool-all@5.8.10"><failure message="cvssV3: HIGH, score: 7.5 (CVSS:3.1/AV:N/AC:L/PR:N/UI:N/S:U/C:N/I:N/A:H)"/><system-out>A vulnerability classified as problematic was found in Dromara HuTool up to 5.8.10. This vulnerability affects unknown code of the file cn.hutool.core.util.ZipUtil.java. The manipulation leads to resource consumption. The attack can be initiated remotely. The exploit has been disclosed to the public and may be used. Upgrading to version 5.8.11 is able to address this issue. It is recommended to upgrade the affected component. VDB-215974 is the identifier assigned to this vulnerability.</system-out><system-err>location: /home/khannasa/.m2/repository/cn/hutool/hutool-all/5.8.10/hutool-all-5.8.10.jar, project-references: [ java-sec-code:compile ]</system-err></testcase><testcase classname="CVE-2022-45688" name="pkg:maven/cn.hutool/hutool-all@5.8.10"><failure message="cvssV3: HIGH, score: 7.5 (CVSS:3.1/AV:N/AC:L/PR:N/UI:N/S:U/C:N/I:N/A:H)"/><system-out>A stack overflow in the XML.toJSONObject component of hutool-json v5.8.10 allows attackers to cause a Denial of Service (DoS) via crafted JSON or XML data.</system-out><system-err>location: /home/khannasa/.m2/repository/cn/hutool/hutool-all/5.8.10/hutool-all-5.8.10.jar, project-references: [ java-sec-code:compile ]</system-err></testcase><testcase classname="CVE-2022-45689" name="pkg:maven/cn.hutool/hutool-all@5.8.10"><failure message="cvssV3: HIGH, score: 7.5 (CVSS:3.1/AV:N/AC:L/PR:N/UI:N/S:U/C:N/I:N/A:H)"/><system-out>hutool-json v5.8.10 was discovered to contain an out of memory error.</system-out><system-err>location: /home/khannasa/.m2/repository/cn/hutool/hutool-all/5.8.10/hutool-all-5.8.10.jar, project-references: [ java-sec-code:compile ]</system-err></testcase><testcase classname="CVE-2022-45690" name="pkg:maven/cn.hutool/hutool-all@5.8.10"><failure message="cvssV3: HIGH, score: 7.5 (CVSS:3.1/AV:N/AC:L/PR:N/UI:N/S:U/C:N/I:N/A:H)"/><system-out>A stack overflow in the org.json.JSONTokener.nextValue::JSONTokener.java component of hutool-json v5.8.10 allows attackers to cause a Denial of Service (DoS) via crafted JSON or XML data.</system-out><system-err>location: /home/khannasa/.m2/repository/cn/hutool/hutool-all/5.8.10/hutool-all-5.8.10.jar, project-references: [ java-sec-code:compile ]</system-err></testcase><testcase classname="CVE-2023-33695" name="pkg:maven/cn.hutool/hutool-all@5.8.10"><failure message="cvssV3: HIGH, score: 7.1 (CVSS:3.1/AV:L/AC:L/PR:L/UI:N/S:U/C:H/I:H/A:N)"/><system-out>Hutool v5.8.17 and below was discovered to contain an information disclosure vulnerability via the File.createTempFile() function at /core/io/FileUtil.java.</system-out><system-err>location: /home/khannasa/.m2/repository/cn/hutool/hutool-all/5.8.10/hutool-all-5.8.10.jar, project-references: [ java-sec-code:compile ]</system-err></testcase></testsuite><testsuite failures="0" errors="0" time="0" id="52" name="/home/khannasa/.m2/repository/com/netflix/hystrix/hystrix-core/1.5.5/hystrix-core-1.5.5.jar" package="hystrix-core-1.5.5.jar" skipped="0" tests="1" timestamp="2023-11-20T12:53:35.601"><testcase classname="dependency-check" name="hystrix-core-1.5.5.jar"/></testsuite><testsuite failures="0" errors="0" time="0" id="53" name="/home/khannasa/.m2/repository/com/ibm/icu/icu4j/4.6/icu4j-4.6.jar" package="icu4j-4.6.jar" skipped="0" tests="1" timestamp="2023-11-20T12:53:35.601"><testcase classname="dependency-check" name="icu4j-4.6.jar"/></testsuite><testsuite failures="0" errors="0" time="0" id="54" name="/home/khannasa/.m2/repository/com/google/j2objc/j2objc-annotations/1.1/j2objc-annotations-1.1.jar" package="j2objc-annotations-1.1.jar" skipped="0" tests="1" timestamp="2023-11-20T12:53:35.601"><testcase classname="dependency-check" name="j2objc-annotations-1.1.jar"/></testsuite><testsuite failures="1" errors="0" time="0" id="55" name="/home/khannasa/.m2/repository/com/fasterxml/jackson/core/jackson-annotations/2.8.0/jackson-annotations-2.8.0.jar" package="jackson-annotations-2.8.0.jar" skipped="0" tests="1" timestamp="2023-11-20T12:53:35.601"><testcase classname="CVE-2018-1000873" name="pkg:maven/com.fasterxml.jackson.core/jackson-annotations@2.8.0"><failure message="cvssV3: MEDIUM, score: 6.5 (CVSS:3.1/AV:N/AC:L/PR:N/UI:R/S:U/C:N/I:N/A:H)"/><system-out>Fasterxml Jackson version Before 2.9.8 contains a CWE-20: Improper Input Validation vulnerability in Jackson-Modules-Java8 that can result in Causes a denial-of-service (DoS). This attack appear to be exploitable via The victim deserializes malicious input, specifically very large values in the nanoseconds field of a time value. This vulnerability appears to have been fixed in 2.9.8.</system-out><system-err>location: /home/khannasa/.m2/repository/com/fasterxml/jackson/core/jackson-annotations/2.8.0/jackson-annotations-2.8.0.jar, project-references: [ java-sec-code:compile ]</system-err></testcase></testsuite><testsuite failures="3" errors="0" time="0" id="56" name="/home/khannasa/.m2/repository/com/fasterxml/jackson/core/jackson-core/2.8.6/jackson-core-2.8.6.jar" package="jackson-core-2.8.6.jar" skipped="0" tests="3" timestamp="2023-11-20T12:53:35.601"><testcase classname="CVE-2022-45688" name="pkg:maven/com.fasterxml.jackson.core/jackson-core@2.8.6"><failure message="cvssV3: HIGH, score: 7.5 (CVSS:3.1/AV:N/AC:L/PR:N/UI:N/S:U/C:N/I:N/A:H)"/><system-out>A stack overflow in the XML.toJSONObject component of hutool-json v5.8.10 allows attackers to cause a Denial of Service (DoS) via crafted JSON or XML data.</system-out><system-err>location: /home/khannasa/.m2/repository/com/fasterxml/jackson/core/jackson-core/2.8.6/jackson-core-2.8.6.jar, project-references: [ java-sec-code:compile ]</system-err></testcase><testcase classname="CVE-2023-5072" name="pkg:maven/com.fasterxml.jackson.core/jackson-core@2.8.6"><failure message="cvssV3: HIGH, score: 7.5 (CVSS:3.1/AV:N/AC:L/PR:N/UI:N/S:U/C:N/I:N/A:H)"/><system-out>Denial of Service  in JSON-Java versions up to and including 20230618.  A bug in the parser means that an input string of modest size can lead to indefinite amounts of memory being used. 
</system-out><system-err>location: /home/khannasa/.m2/repository/com/fasterxml/jackson/core/jackson-core/2.8.6/jackson-core-2.8.6.jar, project-references: [ java-sec-code:compile ]</system-err></testcase><testcase classname="CVE-2018-1000873" name="pkg:maven/com.fasterxml.jackson.core/jackson-core@2.8.6"><failure message="cvssV3: MEDIUM, score: 6.5 (CVSS:3.1/AV:N/AC:L/PR:N/UI:R/S:U/C:N/I:N/A:H)"/><system-out>Fasterxml Jackson version Before 2.9.8 contains a CWE-20: Improper Input Validation vulnerability in Jackson-Modules-Java8 that can result in Causes a denial-of-service (DoS). This attack appear to be exploitable via The victim deserializes malicious input, specifically very large values in the nanoseconds field of a time value. This vulnerability appears to have been fixed in 2.9.8.</system-out><system-err>location: /home/khannasa/.m2/repository/com/fasterxml/jackson/core/jackson-core/2.8.6/jackson-core-2.8.6.jar, project-references: [ java-sec-code:compile ]</system-err></testcase></testsuite><testsuite failures="57" errors="0" time="0" id="57" name="/home/khannasa/.m2/repository/com/fasterxml/jackson/core/jackson-databind/2.8.6/jackson-databind-2.8.6.jar" package="jackson-databind-2.8.6.jar" skipped="0" tests="57" timestamp="2023-11-20T12:53:35.601"><testcase classname="CVE-2018-14721" name="pkg:maven/com.fasterxml.jackson.core/jackson-databind@2.8.6"><failure message="cvssV3: CRITICAL, score: 10.0 (CVSS:3.0/AV:N/AC:L/PR:N/UI:N/S:C/C:H/I:H/A:H)"/><system-out>FasterXML jackson-databind 2.x before 2.9.7 might allow remote attackers to conduct server-side request forgery (SSRF) attacks by leveraging failure to block the axis2-jaxws class from polymorphic deserialization.</system-out><system-err>location: /home/khannasa/.m2/repository/com/fasterxml/jackson/core/jackson-databind/2.8.6/jackson-databind-2.8.6.jar, project-references: [ java-sec-code:compile ]</system-err></testcase><testcase classname="CVE-2017-15095" name="pkg:maven/com.fasterxml.jackson.core/jackson-databind@2.8.6"><failure message="cvssV3: CRITICAL, score: 9.8 (CVSS:3.1/AV:N/AC:L/PR:N/UI:N/S:U/C:H/I:H/A:H)"/><system-out>A deserialization flaw was discovered in the jackson-databind in versions before 2.8.10 and 2.9.1, which could allow an unauthenticated user to perform code execution by sending the maliciously crafted input to the readValue method of the ObjectMapper. This issue extends the previous flaw CVE-2017-7525 by blacklisting more classes that could be used maliciously.</system-out><system-err>location: /home/khannasa/.m2/repository/com/fasterxml/jackson/core/jackson-databind/2.8.6/jackson-databind-2.8.6.jar, project-references: [ java-sec-code:compile ]</system-err></testcase><testcase classname="CVE-2017-17485" name="pkg:maven/com.fasterxml.jackson.core/jackson-databind@2.8.6"><failure message="cvssV3: CRITICAL, score: 9.8 (CVSS:3.1/AV:N/AC:L/PR:N/UI:N/S:U/C:H/I:H/A:H)"/><system-out>FasterXML jackson-databind through 2.8.10 and 2.9.x through 2.9.3 allows unauthenticated remote code execution because of an incomplete fix for the CVE-2017-7525 deserialization flaw. This is exploitable by sending maliciously crafted JSON input to the readValue method of the ObjectMapper, bypassing a blacklist that is ineffective if the Spring libraries are available in the classpath.</system-out><system-err>location: /home/khannasa/.m2/repository/com/fasterxml/jackson/core/jackson-databind/2.8.6/jackson-databind-2.8.6.jar, project-references: [ java-sec-code:compile ]</system-err></testcase><testcase classname="CVE-2017-7525" name="pkg:maven/com.fasterxml.jackson.core/jackson-databind@2.8.6"><failure message="cvssV3: CRITICAL, score: 9.8 (CVSS:3.1/AV:N/AC:L/PR:N/UI:N/S:U/C:H/I:H/A:H)"/><system-out>A deserialization flaw was discovered in the jackson-databind, versions before 2.6.7.1, 2.7.9.1 and 2.8.9, which could allow an unauthenticated user to perform code execution by sending the maliciously crafted input to the readValue method of the ObjectMapper.</system-out><system-err>location: /home/khannasa/.m2/repository/com/fasterxml/jackson/core/jackson-databind/2.8.6/jackson-databind-2.8.6.jar, project-references: [ java-sec-code:compile ]</system-err></testcase><testcase classname="CVE-2018-11307" name="pkg:maven/com.fasterxml.jackson.core/jackson-databind@2.8.6"><failure message="cvssV3: CRITICAL, score: 9.8 (CVSS:3.1/AV:N/AC:L/PR:N/UI:N/S:U/C:H/I:H/A:H)"/><system-out>An issue was discovered in FasterXML jackson-databind 2.0.0 through 2.9.5. Use of Jackson default typing along with a gadget class from iBatis allows exfiltration of content. Fixed in 2.7.9.4, 2.8.11.2, and 2.9.6.</system-out><system-err>location: /home/khannasa/.m2/repository/com/fasterxml/jackson/core/jackson-databind/2.8.6/jackson-databind-2.8.6.jar, project-references: [ java-sec-code:compile ]</system-err></testcase><testcase classname="CVE-2018-14718" name="pkg:maven/com.fasterxml.jackson.core/jackson-databind@2.8.6"><failure message="cvssV3: CRITICAL, score: 9.8 (CVSS:3.1/AV:N/AC:L/PR:N/UI:N/S:U/C:H/I:H/A:H)"/><system-out>FasterXML jackson-databind 2.x before 2.9.7 might allow remote attackers to execute arbitrary code by leveraging failure to block the slf4j-ext class from polymorphic deserialization.</system-out><system-err>location: /home/khannasa/.m2/repository/com/fasterxml/jackson/core/jackson-databind/2.8.6/jackson-databind-2.8.6.jar, project-references: [ java-sec-code:compile ]</system-err></testcase><testcase classname="CVE-2018-14719" name="pkg:maven/com.fasterxml.jackson.core/jackson-databind@2.8.6"><failure message="cvssV3: CRITICAL, score: 9.8 (CVSS:3.1/AV:N/AC:L/PR:N/UI:N/S:U/C:H/I:H/A:H)"/><system-out>FasterXML jackson-databind 2.x before 2.9.7 might allow remote attackers to execute arbitrary code by leveraging failure to block the blaze-ds-opt and blaze-ds-core classes from polymorphic deserialization.</system-out><system-err>location: /home/khannasa/.m2/repository/com/fasterxml/jackson/core/jackson-databind/2.8.6/jackson-databind-2.8.6.jar, project-references: [ java-sec-code:compile ]</system-err></testcase><testcase classname="CVE-2018-14720" name="pkg:maven/com.fasterxml.jackson.core/jackson-databind@2.8.6"><failure message="cvssV3: CRITICAL, score: 9.8 (CVSS:3.0/AV:N/AC:L/PR:N/UI:N/S:U/C:H/I:H/A:H)"/><system-out>FasterXML jackson-databind 2.x before 2.9.7 might allow attackers to conduct external XML entity (XXE) attacks by leveraging failure to block unspecified JDK classes from polymorphic deserialization.</system-out><system-err>location: /home/khannasa/.m2/repository/com/fasterxml/jackson/core/jackson-databind/2.8.6/jackson-databind-2.8.6.jar, project-references: [ java-sec-code:compile ]</system-err></testcase><testcase classname="CVE-2018-19360" name="pkg:maven/com.fasterxml.jackson.core/jackson-databind@2.8.6"><failure message="cvssV3: CRITICAL, score: 9.8 (CVSS:3.0/AV:N/AC:L/PR:N/UI:N/S:U/C:H/I:H/A:H)"/><system-out>FasterXML jackson-databind 2.x before 2.9.8 might allow attackers to have unspecified impact by leveraging failure to block the axis2-transport-jms class from polymorphic deserialization.</system-out><system-err>location: /home/khannasa/.m2/repository/com/fasterxml/jackson/core/jackson-databind/2.8.6/jackson-databind-2.8.6.jar, project-references: [ java-sec-code:compile ]</system-err></testcase><testcase classname="CVE-2018-19361" name="pkg:maven/com.fasterxml.jackson.core/jackson-databind@2.8.6"><failure message="cvssV3: CRITICAL, score: 9.8 (CVSS:3.0/AV:N/AC:L/PR:N/UI:N/S:U/C:H/I:H/A:H)"/><system-out>FasterXML jackson-databind 2.x before 2.9.8 might allow attackers to have unspecified impact by leveraging failure to block the openjpa class from polymorphic deserialization.</system-out><system-err>location: /home/khannasa/.m2/repository/com/fasterxml/jackson/core/jackson-databind/2.8.6/jackson-databind-2.8.6.jar, project-references: [ java-sec-code:compile ]</system-err></testcase><testcase classname="CVE-2018-19362" name="pkg:maven/com.fasterxml.jackson.core/jackson-databind@2.8.6"><failure message="cvssV3: CRITICAL, score: 9.8 (CVSS:3.0/AV:N/AC:L/PR:N/UI:N/S:U/C:H/I:H/A:H)"/><system-out>FasterXML jackson-databind 2.x before 2.9.8 might allow attackers to have unspecified impact by leveraging failure to block the jboss-common-core class from polymorphic deserialization.</system-out><system-err>location: /home/khannasa/.m2/repository/com/fasterxml/jackson/core/jackson-databind/2.8.6/jackson-databind-2.8.6.jar, project-references: [ java-sec-code:compile ]</system-err></testcase><testcase classname="CVE-2018-7489" name="pkg:maven/com.fasterxml.jackson.core/jackson-databind@2.8.6"><failure message="cvssV3: CRITICAL, score: 9.8 (CVSS:3.0/AV:N/AC:L/PR:N/UI:N/S:U/C:H/I:H/A:H)"/><system-out>FasterXML jackson-databind before 2.7.9.3, 2.8.x before 2.8.11.1 and 2.9.x before 2.9.5 allows unauthenticated remote code execution because of an incomplete fix for the CVE-2017-7525 deserialization flaw. This is exploitable by sending maliciously crafted JSON input to the readValue method of the ObjectMapper, bypassing a blacklist that is ineffective if the c3p0 libraries are available in the classpath.</system-out><system-err>location: /home/khannasa/.m2/repository/com/fasterxml/jackson/core/jackson-databind/2.8.6/jackson-databind-2.8.6.jar, project-references: [ java-sec-code:compile ]</system-err></testcase><testcase classname="CVE-2019-14379" name="pkg:maven/com.fasterxml.jackson.core/jackson-databind@2.8.6"><failure message="cvssV3: CRITICAL, score: 9.8 (CVSS:3.1/AV:N/AC:L/PR:N/UI:N/S:U/C:H/I:H/A:H)"/><system-out>SubTypeValidator.java in FasterXML jackson-databind before 2.9.9.2 mishandles default typing when ehcache is used (because of net.sf.ehcache.transaction.manager.DefaultTransactionManagerLookup), leading to remote code execution.</system-out><system-err>location: /home/khannasa/.m2/repository/com/fasterxml/jackson/core/jackson-databind/2.8.6/jackson-databind-2.8.6.jar, project-references: [ java-sec-code:compile ]</system-err></testcase><testcase classname="CVE-2019-14540" name="pkg:maven/com.fasterxml.jackson.core/jackson-databind@2.8.6"><failure message="cvssV3: CRITICAL, score: 9.8 (CVSS:3.1/AV:N/AC:L/PR:N/UI:N/S:U/C:H/I:H/A:H)"/><system-out>A Polymorphic Typing issue was discovered in FasterXML jackson-databind before 2.9.10. It is related to com.zaxxer.hikari.HikariConfig.</system-out><system-err>location: /home/khannasa/.m2/repository/com/fasterxml/jackson/core/jackson-databind/2.8.6/jackson-databind-2.8.6.jar, project-references: [ java-sec-code:compile ]</system-err></testcase><testcase classname="CVE-2019-14892" name="pkg:maven/com.fasterxml.jackson.core/jackson-databind@2.8.6"><failure message="cvssV3: CRITICAL, score: 9.8 (CVSS:3.1/AV:N/AC:L/PR:N/UI:N/S:U/C:H/I:H/A:H)"/><system-out>A flaw was discovered in jackson-databind in versions before 2.9.10, 2.8.11.5 and 2.6.7.3, where it would permit polymorphic deserialization of a malicious object using commons-configuration 1 and 2 JNDI classes. An attacker could use this flaw to execute arbitrary code.</system-out><system-err>location: /home/khannasa/.m2/repository/com/fasterxml/jackson/core/jackson-databind/2.8.6/jackson-databind-2.8.6.jar, project-references: [ java-sec-code:compile ]</system-err></testcase><testcase classname="CVE-2019-14893" name="pkg:maven/com.fasterxml.jackson.core/jackson-databind@2.8.6"><failure message="cvssV3: CRITICAL, score: 9.8 (CVSS:3.1/AV:N/AC:L/PR:N/UI:N/S:U/C:H/I:H/A:H)"/><system-out>A flaw was discovered in FasterXML jackson-databind in all versions before 2.9.10 and 2.10.0, where it would permit polymorphic deserialization of malicious objects using the xalan JNDI gadget when used in conjunction with polymorphic type handling methods such as `enableDefaultTyping()` or when @JsonTypeInfo is using `Id.CLASS` or `Id.MINIMAL_CLASS` or in any other way which ObjectMapper.readValue might instantiate objects from unsafe sources. An attacker could use this flaw to execute arbitrary code.</system-out><system-err>location: /home/khannasa/.m2/repository/com/fasterxml/jackson/core/jackson-databind/2.8.6/jackson-databind-2.8.6.jar, project-references: [ java-sec-code:compile ]</system-err></testcase><testcase classname="CVE-2019-16335" name="pkg:maven/com.fasterxml.jackson.core/jackson-databind@2.8.6"><failure message="cvssV3: CRITICAL, score: 9.8 (CVSS:3.1/AV:N/AC:L/PR:N/UI:N/S:U/C:H/I:H/A:H)"/><system-out>A Polymorphic Typing issue was discovered in FasterXML jackson-databind before 2.9.10. It is related to com.zaxxer.hikari.HikariDataSource. This is a different vulnerability than CVE-2019-14540.</system-out><system-err>location: /home/khannasa/.m2/repository/com/fasterxml/jackson/core/jackson-databind/2.8.6/jackson-databind-2.8.6.jar, project-references: [ java-sec-code:compile ]</system-err></testcase><testcase classname="CVE-2019-16942" name="pkg:maven/com.fasterxml.jackson.core/jackson-databind@2.8.6"><failure message="cvssV3: CRITICAL, score: 9.8 (CVSS:3.1/AV:N/AC:L/PR:N/UI:N/S:U/C:H/I:H/A:H)"/><system-out>A Polymorphic Typing issue was discovered in FasterXML jackson-databind 2.0.0 through 2.9.10. When Default Typing is enabled (either globally or for a specific property) for an externally exposed JSON endpoint and the service has the commons-dbcp (1.4) jar in the classpath, and an attacker can find an RMI service endpoint to access, it is possible to make the service execute a malicious payload. This issue exists because of org.apache.commons.dbcp.datasources.SharedPoolDataSource and org.apache.commons.dbcp.datasources.PerUserPoolDataSource mishandling.</system-out><system-err>location: /home/khannasa/.m2/repository/com/fasterxml/jackson/core/jackson-databind/2.8.6/jackson-databind-2.8.6.jar, project-references: [ java-sec-code:compile ]</system-err></testcase><testcase classname="CVE-2019-16943" name="pkg:maven/com.fasterxml.jackson.core/jackson-databind@2.8.6"><failure message="cvssV3: CRITICAL, score: 9.8 (CVSS:3.1/AV:N/AC:L/PR:N/UI:N/S:U/C:H/I:H/A:H)"/><system-out>A Polymorphic Typing issue was discovered in FasterXML jackson-databind 2.0.0 through 2.9.10. When Default Typing is enabled (either globally or for a specific property) for an externally exposed JSON endpoint and the service has the p6spy (3.8.6) jar in the classpath, and an attacker can find an RMI service endpoint to access, it is possible to make the service execute a malicious payload. This issue exists because of com.p6spy.engine.spy.P6DataSource mishandling.</system-out><system-err>location: /home/khannasa/.m2/repository/com/fasterxml/jackson/core/jackson-databind/2.8.6/jackson-databind-2.8.6.jar, project-references: [ java-sec-code:compile ]</system-err></testcase><testcase classname="CVE-2019-17267" name="pkg:maven/com.fasterxml.jackson.core/jackson-databind@2.8.6"><failure message="cvssV3: CRITICAL, score: 9.8 (CVSS:3.1/AV:N/AC:L/PR:N/UI:N/S:U/C:H/I:H/A:H)"/><system-out>A Polymorphic Typing issue was discovered in FasterXML jackson-databind before 2.9.10. It is related to net.sf.ehcache.hibernate.EhcacheJtaTransactionManagerLookup.</system-out><system-err>location: /home/khannasa/.m2/repository/com/fasterxml/jackson/core/jackson-databind/2.8.6/jackson-databind-2.8.6.jar, project-references: [ java-sec-code:compile ]</system-err></testcase><testcase classname="CVE-2019-17531" name="pkg:maven/com.fasterxml.jackson.core/jackson-databind@2.8.6"><failure message="cvssV3: CRITICAL, score: 9.8 (CVSS:3.1/AV:N/AC:L/PR:N/UI:N/S:U/C:H/I:H/A:H)"/><system-out>A Polymorphic Typing issue was discovered in FasterXML jackson-databind 2.0.0 through 2.9.10. When Default Typing is enabled (either globally or for a specific property) for an externally exposed JSON endpoint and the service has the apache-log4j-extra (version 1.2.x) jar in the classpath, and an attacker can provide a JNDI service to access, it is possible to make the service execute a malicious payload.</system-out><system-err>location: /home/khannasa/.m2/repository/com/fasterxml/jackson/core/jackson-databind/2.8.6/jackson-databind-2.8.6.jar, project-references: [ java-sec-code:compile ]</system-err></testcase><testcase classname="CVE-2019-20330" name="pkg:maven/com.fasterxml.jackson.core/jackson-databind@2.8.6"><failure message="cvssV3: CRITICAL, score: 9.8 (CVSS:3.1/AV:N/AC:L/PR:N/UI:N/S:U/C:H/I:H/A:H)"/><system-out>FasterXML jackson-databind 2.x before 2.9.10.2 lacks certain net.sf.ehcache blocking.</system-out><system-err>location: /home/khannasa/.m2/repository/com/fasterxml/jackson/core/jackson-databind/2.8.6/jackson-databind-2.8.6.jar, project-references: [ java-sec-code:compile ]</system-err></testcase><testcase classname="CVE-2020-8840" name="pkg:maven/com.fasterxml.jackson.core/jackson-databind@2.8.6"><failure message="cvssV3: CRITICAL, score: 9.8 (CVSS:3.1/AV:N/AC:L/PR:N/UI:N/S:U/C:H/I:H/A:H)"/><system-out>FasterXML jackson-databind 2.0.0 through 2.9.10.2 lacks certain xbean-reflect/JNDI blocking, as demonstrated by org.apache.xbean.propertyeditor.JndiConverter.</system-out><system-err>location: /home/khannasa/.m2/repository/com/fasterxml/jackson/core/jackson-databind/2.8.6/jackson-databind-2.8.6.jar, project-references: [ java-sec-code:compile ]</system-err></testcase><testcase classname="CVE-2020-9546" name="pkg:maven/com.fasterxml.jackson.core/jackson-databind@2.8.6"><failure message="cvssV3: CRITICAL, score: 9.8 (CVSS:3.1/AV:N/AC:L/PR:N/UI:N/S:U/C:H/I:H/A:H)"/><system-out>FasterXML jackson-databind 2.x before 2.9.10.4 mishandles the interaction between serialization gadgets and typing, related to org.apache.hadoop.shaded.com.zaxxer.hikari.HikariConfig (aka shaded hikari-config).</system-out><system-err>location: /home/khannasa/.m2/repository/com/fasterxml/jackson/core/jackson-databind/2.8.6/jackson-databind-2.8.6.jar, project-references: [ java-sec-code:compile ]</system-err></testcase><testcase classname="CVE-2020-9547" name="pkg:maven/com.fasterxml.jackson.core/jackson-databind@2.8.6"><failure message="cvssV3: CRITICAL, score: 9.8 (CVSS:3.1/AV:N/AC:L/PR:N/UI:N/S:U/C:H/I:H/A:H)"/><system-out>FasterXML jackson-databind 2.x before 2.9.10.4 mishandles the interaction between serialization gadgets and typing, related to com.ibatis.sqlmap.engine.transaction.jta.JtaTransactionConfig (aka ibatis-sqlmap).</system-out><system-err>location: /home/khannasa/.m2/repository/com/fasterxml/jackson/core/jackson-databind/2.8.6/jackson-databind-2.8.6.jar, project-references: [ java-sec-code:compile ]</system-err></testcase><testcase classname="CVE-2020-9548" name="pkg:maven/com.fasterxml.jackson.core/jackson-databind@2.8.6"><failure message="cvssV3: CRITICAL, score: 9.8 (CVSS:3.1/AV:N/AC:L/PR:N/UI:N/S:U/C:H/I:H/A:H)"/><system-out>FasterXML jackson-databind 2.x before 2.9.10.4 mishandles the interaction between serialization gadgets and typing, related to br.com.anteros.dbcp.AnterosDBCPConfig (aka anteros-core).</system-out><system-err>location: /home/khannasa/.m2/repository/com/fasterxml/jackson/core/jackson-databind/2.8.6/jackson-databind-2.8.6.jar, project-references: [ java-sec-code:compile ]</system-err></testcase><testcase classname="CVE-2020-10969" name="pkg:maven/com.fasterxml.jackson.core/jackson-databind@2.8.6"><failure message="cvssV3: HIGH, score: 8.8 (CVSS:3.1/AV:N/AC:L/PR:N/UI:R/S:U/C:H/I:H/A:H)"/><system-out>FasterXML jackson-databind 2.x before 2.9.10.4 mishandles the interaction between serialization gadgets and typing, related to javax.swing.JEditorPane.</system-out><system-err>location: /home/khannasa/.m2/repository/com/fasterxml/jackson/core/jackson-databind/2.8.6/jackson-databind-2.8.6.jar, project-references: [ java-sec-code:compile ]</system-err></testcase><testcase classname="CVE-2018-5968" name="pkg:maven/com.fasterxml.jackson.core/jackson-databind@2.8.6"><failure message="cvssV3: HIGH, score: 8.1 (CVSS:3.1/AV:N/AC:H/PR:N/UI:N/S:U/C:H/I:H/A:H)"/><system-out>FasterXML jackson-databind through 2.8.11 and 2.9.x through 2.9.3 allows unauthenticated remote code execution because of an incomplete fix for the CVE-2017-7525 and CVE-2017-17485 deserialization flaws. This is exploitable via two different gadgets that bypass a blacklist.</system-out><system-err>location: /home/khannasa/.m2/repository/com/fasterxml/jackson/core/jackson-databind/2.8.6/jackson-databind-2.8.6.jar, project-references: [ java-sec-code:compile ]</system-err></testcase><testcase classname="CVE-2020-10650" name="pkg:maven/com.fasterxml.jackson.core/jackson-databind@2.8.6"><failure message="cvssV3: HIGH, score: 8.1 (CVSS:3.1/AV:N/AC:H/PR:N/UI:N/S:U/C:H/I:H/A:H)"/><system-out>A deserialization flaw was discovered in jackson-databind through 2.9.10.4. It could allow an unauthenticated user to perform code execution via ignite-jta or quartz-core: org.apache.ignite.cache.jta.jndi.CacheJndiTmLookup, org.apache.ignite.cache.jta.jndi.CacheJndiTmFactory, and org.quartz.utils.JNDIConnectionProvider.</system-out><system-err>location: /home/khannasa/.m2/repository/com/fasterxml/jackson/core/jackson-databind/2.8.6/jackson-databind-2.8.6.jar, project-references: [ java-sec-code:compile ]</system-err></testcase><testcase classname="CVE-2020-24616" name="pkg:maven/com.fasterxml.jackson.core/jackson-databind@2.8.6"><failure message="cvssV3: HIGH, score: 8.1 (CVSS:3.1/AV:N/AC:H/PR:N/UI:N/S:U/C:H/I:H/A:H)"/><system-out>FasterXML jackson-databind 2.x before 2.9.10.6 mishandles the interaction between serialization gadgets and typing, related to br.com.anteros.dbcp.AnterosDBCPDataSource (aka Anteros-DBCP).</system-out><system-err>location: /home/khannasa/.m2/repository/com/fasterxml/jackson/core/jackson-databind/2.8.6/jackson-databind-2.8.6.jar, project-references: [ java-sec-code:compile ]</system-err></testcase><testcase classname="CVE-2020-24750" name="pkg:maven/com.fasterxml.jackson.core/jackson-databind@2.8.6"><failure message="cvssV3: HIGH, score: 8.1 (CVSS:3.1/AV:N/AC:H/PR:N/UI:N/S:U/C:H/I:H/A:H)"/><system-out>FasterXML jackson-databind 2.x before 2.9.10.6 mishandles the interaction between serialization gadgets and typing, related to com.pastdev.httpcomponents.configuration.JndiConfiguration.</system-out><system-err>location: /home/khannasa/.m2/repository/com/fasterxml/jackson/core/jackson-databind/2.8.6/jackson-databind-2.8.6.jar, project-references: [ java-sec-code:compile ]</system-err></testcase><testcase classname="CVE-2020-35490" name="pkg:maven/com.fasterxml.jackson.core/jackson-databind@2.8.6"><failure message="cvssV3: HIGH, score: 8.1 (CVSS:3.1/AV:N/AC:H/PR:N/UI:N/S:U/C:H/I:H/A:H)"/><system-out>FasterXML jackson-databind 2.x before 2.9.10.8 mishandles the interaction between serialization gadgets and typing, related to org.apache.comm
[...]
ed types. XStream 1.4.18 uses no longer a blacklist by default, since it cannot be secured for general purpose.</system-out><system-err>location: /home/khannasa/.m2/repository/com/thoughtworks/xstream/xstream/1.4.10/xstream-1.4.10.jar, project-references: [ java-sec-code:compile ]</system-err></testcase><testcase classname="CVE-2021-39145" name="pkg:maven/com.thoughtworks.xstream/xstream@1.4.10"><failure message="cvssV3: HIGH, score: 8.5 (CVSS:3.1/AV:N/AC:H/PR:L/UI:N/S:C/C:H/I:H/A:H)"/><system-out>XStream is a simple library to serialize objects to XML and back again. In affected versions this vulnerability may allow a remote attacker to load and execute arbitrary code from a remote host only by manipulating the processed input stream. No user is affected, who followed the recommendation to setup XStream&apos;s security framework with a whitelist limited to the minimal required types. XStream 1.4.18 uses no longer a blacklist by default, since it cannot be secured for general purpose.</system-out><system-err>location: /home/khannasa/.m2/repository/com/thoughtworks/xstream/xstream/1.4.10/xstream-1.4.10.jar, project-references: [ java-sec-code:compile ]</system-err></testcase><testcase classname="CVE-2021-39146" name="pkg:maven/com.thoughtworks.xstream/xstream@1.4.10"><failure message="cvssV3: HIGH, score: 8.5 (CVSS:3.1/AV:N/AC:H/PR:L/UI:N/S:C/C:H/I:H/A:H)"/><system-out>XStream is a simple library to serialize objects to XML and back again. In affected versions this vulnerability may allow a remote attacker to load and execute arbitrary code from a remote host only by manipulating the processed input stream. No user is affected, who followed the recommendation to setup XStream&apos;s security framework with a whitelist limited to the minimal required types. XStream 1.4.18 uses no longer a blacklist by default, since it cannot be secured for general purpose.</system-out><system-err>location: /home/khannasa/.m2/repository/com/thoughtworks/xstream/xstream/1.4.10/xstream-1.4.10.jar, project-references: [ java-sec-code:compile ]</system-err></testcase><testcase classname="CVE-2021-39147" name="pkg:maven/com.thoughtworks.xstream/xstream@1.4.10"><failure message="cvssV3: HIGH, score: 8.5 (CVSS:3.1/AV:N/AC:H/PR:L/UI:N/S:C/C:H/I:H/A:H)"/><system-out>XStream is a simple library to serialize objects to XML and back again. In affected versions this vulnerability may allow a remote attacker to load and execute arbitrary code from a remote host only by manipulating the processed input stream. No user is affected, who followed the recommendation to setup XStream&apos;s security framework with a whitelist limited to the minimal required types. XStream 1.4.18 uses no longer a blacklist by default, since it cannot be secured for general purpose.</system-out><system-err>location: /home/khannasa/.m2/repository/com/thoughtworks/xstream/xstream/1.4.10/xstream-1.4.10.jar, project-references: [ java-sec-code:compile ]</system-err></testcase><testcase classname="CVE-2021-39148" name="pkg:maven/com.thoughtworks.xstream/xstream@1.4.10"><failure message="cvssV3: HIGH, score: 8.5 (CVSS:3.1/AV:N/AC:H/PR:L/UI:N/S:C/C:H/I:H/A:H)"/><system-out>XStream is a simple library to serialize objects to XML and back again. In affected versions this vulnerability may allow a remote attacker to load and execute arbitrary code from a remote host only by manipulating the processed input stream. No user is affected, who followed the recommendation to setup XStream&apos;s security framework with a whitelist limited to the minimal required types. XStream 1.4.18 uses no longer a blacklist by default, since it cannot be secured for general purpose.</system-out><system-err>location: /home/khannasa/.m2/repository/com/thoughtworks/xstream/xstream/1.4.10/xstream-1.4.10.jar, project-references: [ java-sec-code:compile ]</system-err></testcase><testcase classname="CVE-2021-39149" name="pkg:maven/com.thoughtworks.xstream/xstream@1.4.10"><failure message="cvssV3: HIGH, score: 8.5 (CVSS:3.1/AV:N/AC:H/PR:L/UI:N/S:C/C:H/I:H/A:H)"/><system-out>XStream is a simple library to serialize objects to XML and back again. In affected versions this vulnerability may allow a remote attacker to load and execute arbitrary code from a remote host only by manipulating the processed input stream. No user is affected, who followed the recommendation to setup XStream&apos;s security framework with a whitelist limited to the minimal required types. XStream 1.4.18 uses no longer a blacklist by default, since it cannot be secured for general purpose.</system-out><system-err>location: /home/khannasa/.m2/repository/com/thoughtworks/xstream/xstream/1.4.10/xstream-1.4.10.jar, project-references: [ java-sec-code:compile ]</system-err></testcase><testcase classname="CVE-2021-39150" name="pkg:maven/com.thoughtworks.xstream/xstream@1.4.10"><failure message="cvssV3: HIGH, score: 8.5 (CVSS:3.1/AV:N/AC:H/PR:L/UI:N/S:C/C:H/I:H/A:H)"/><system-out>XStream is a simple library to serialize objects to XML and back again. In affected versions this vulnerability may allow a remote attacker to request data from internal resources that are not publicly available only by manipulating the processed input stream with a Java runtime version 14 to 8. No user is affected, who followed the recommendation to setup XStream&apos;s security framework with a whitelist limited to the minimal required types. If you rely on XStream&apos;s default blacklist of the [Security Framework](https://x-stream.github.io/security.html#framework), you will have to use at least version 1.4.18.</system-out><system-err>location: /home/khannasa/.m2/repository/com/thoughtworks/xstream/xstream/1.4.10/xstream-1.4.10.jar, project-references: [ java-sec-code:compile ]</system-err></testcase><testcase classname="CVE-2021-39151" name="pkg:maven/com.thoughtworks.xstream/xstream@1.4.10"><failure message="cvssV3: HIGH, score: 8.5 (CVSS:3.1/AV:N/AC:H/PR:L/UI:N/S:C/C:H/I:H/A:H)"/><system-out>XStream is a simple library to serialize objects to XML and back again. In affected versions this vulnerability may allow a remote attacker to load and execute arbitrary code from a remote host only by manipulating the processed input stream. No user is affected, who followed the recommendation to setup XStream&apos;s security framework with a whitelist limited to the minimal required types. XStream 1.4.18 uses no longer a blacklist by default, since it cannot be secured for general purpose.</system-out><system-err>location: /home/khannasa/.m2/repository/com/thoughtworks/xstream/xstream/1.4.10/xstream-1.4.10.jar, project-references: [ java-sec-code:compile ]</system-err></testcase><testcase classname="CVE-2021-39152" name="pkg:maven/com.thoughtworks.xstream/xstream@1.4.10"><failure message="cvssV3: HIGH, score: 8.5 (CVSS:3.1/AV:N/AC:H/PR:L/UI:N/S:C/C:H/I:H/A:H)"/><system-out>XStream is a simple library to serialize objects to XML and back again. In affected versions this vulnerability may allow a remote attacker to request data from internal resources that are not publicly available only by manipulating the processed input stream with a Java runtime version 14 to 8. No user is affected, who followed the recommendation to setup XStream&apos;s security framework with a whitelist limited to the minimal required types. If you rely on XStream&apos;s default blacklist of the [Security Framework](https://x-stream.github.io/security.html#framework), you will have to use at least version 1.4.18.</system-out><system-err>location: /home/khannasa/.m2/repository/com/thoughtworks/xstream/xstream/1.4.10/xstream-1.4.10.jar, project-references: [ java-sec-code:compile ]</system-err></testcase><testcase classname="CVE-2021-39153" name="pkg:maven/com.thoughtworks.xstream/xstream@1.4.10"><failure message="cvssV3: HIGH, score: 8.5 (CVSS:3.1/AV:N/AC:H/PR:L/UI:N/S:C/C:H/I:H/A:H)"/><system-out>XStream is a simple library to serialize objects to XML and back again. In affected versions this vulnerability may allow a remote attacker to load and execute arbitrary code from a remote host only by manipulating the processed input stream, if using the version out of the box with Java runtime version 14 to 8 or with JavaFX installed. No user is affected, who followed the recommendation to setup XStream&apos;s security framework with a whitelist limited to the minimal required types. XStream 1.4.18 uses no longer a blacklist by default, since it cannot be secured for general purpose.</system-out><system-err>location: /home/khannasa/.m2/repository/com/thoughtworks/xstream/xstream/1.4.10/xstream-1.4.10.jar, project-references: [ java-sec-code:compile ]</system-err></testcase><testcase classname="CVE-2021-39154" name="pkg:maven/com.thoughtworks.xstream/xstream@1.4.10"><failure message="cvssV3: HIGH, score: 8.5 (CVSS:3.1/AV:N/AC:H/PR:L/UI:N/S:C/C:H/I:H/A:H)"/><system-out>XStream is a simple library to serialize objects to XML and back again. In affected versions this vulnerability may allow a remote attacker to load and execute arbitrary code from a remote host only by manipulating the processed input stream. No user is affected, who followed the recommendation to setup XStream&apos;s security framework with a whitelist limited to the minimal required types. XStream 1.4.18 uses no longer a blacklist by default, since it cannot be secured for general purpose.</system-out><system-err>location: /home/khannasa/.m2/repository/com/thoughtworks/xstream/xstream/1.4.10/xstream-1.4.10.jar, project-references: [ java-sec-code:compile ]</system-err></testcase><testcase classname="CVE-2020-26258" name="pkg:maven/com.thoughtworks.xstream/xstream@1.4.10"><failure message="cvssV3: HIGH, score: 7.7 (CVSS:3.1/AV:N/AC:L/PR:L/UI:N/S:C/C:H/I:N/A:N)"/><system-out>XStream is a Java library to serialize objects to XML and back again. In XStream before version 1.4.15, a Server-Side Forgery Request vulnerability can be activated when unmarshalling. The vulnerability may allow a remote attacker to request data from internal resources that are not publicly available only by manipulating the processed input stream. If you rely on XStream&apos;s default blacklist of the Security Framework, you will have to use at least version 1.4.15. The reported vulnerability does not exist if running Java 15 or higher. No user is affected who followed the recommendation to setup XStream&apos;s Security Framework with a whitelist! Anyone relying on XStream&apos;s default blacklist can immediately switch to a whilelist for the allowed types to avoid the vulnerability. Users of XStream 1.4.14 or below who still want to use XStream default blacklist can use a workaround described in more detailed in the referenced advisories.</system-out><system-err>location: /home/khannasa/.m2/repository/com/thoughtworks/xstream/xstream/1.4.10/xstream-1.4.10.jar, project-references: [ java-sec-code:compile ]</system-err></testcase><testcase classname="CVE-2021-21341" name="pkg:maven/com.thoughtworks.xstream/xstream@1.4.10"><failure message="cvssV3: HIGH, score: 7.5 (CVSS:3.1/AV:N/AC:L/PR:N/UI:N/S:U/C:N/I:N/A:H)"/><system-out>XStream is a Java library to serialize objects to XML and back again. In XStream before version 1.4.16, there is vulnerability which may allow a remote attacker to allocate 100% CPU time on the target system depending on CPU type or parallel execution of such a payload resulting in a denial of service only by manipulating the processed input stream. No user is affected who followed the recommendation to setup XStream&apos;s security framework with a whitelist limited to the minimal required types. If you rely on XStream&apos;s default blacklist of the Security Framework, you will have to use at least version 1.4.16.</system-out><system-err>location: /home/khannasa/.m2/repository/com/thoughtworks/xstream/xstream/1.4.10/xstream-1.4.10.jar, project-references: [ java-sec-code:compile ]</system-err></testcase><testcase classname="CVE-2021-21343" name="pkg:maven/com.thoughtworks.xstream/xstream@1.4.10"><failure message="cvssV3: HIGH, score: 7.5 (CVSS:3.1/AV:N/AC:L/PR:N/UI:N/S:U/C:N/I:H/A:N)"/><system-out>XStream is a Java library to serialize objects to XML and back again. In XStream before version 1.4.16, there is a vulnerability where the processed stream at unmarshalling time contains type information to recreate the formerly written objects. XStream creates therefore new instances based on these type information. An attacker can manipulate the processed input stream and replace or inject objects, that result in the deletion of a file on the local host. No user is affected, who followed the recommendation to setup XStream&apos;s security framework with a whitelist limited to the minimal required types. If you rely on XStream&apos;s default blacklist of the Security Framework, you will have to use at least version 1.4.16.</system-out><system-err>location: /home/khannasa/.m2/repository/com/thoughtworks/xstream/xstream/1.4.10/xstream-1.4.10.jar, project-references: [ java-sec-code:compile ]</system-err></testcase><testcase classname="CVE-2021-21348" name="pkg:maven/com.thoughtworks.xstream/xstream@1.4.10"><failure message="cvssV3: HIGH, score: 7.5 (CVSS:3.1/AV:N/AC:L/PR:N/UI:N/S:U/C:N/I:N/A:H)"/><system-out>XStream is a Java library to serialize objects to XML and back again. In XStream before version 1.4.16, there is a vulnerability which may allow a remote attacker to occupy a thread that consumes maximum CPU time and will never return. No user is affected, who followed the recommendation to setup XStream&apos;s security framework with a whitelist limited to the minimal required types. If you rely on XStream&apos;s default blacklist of the Security Framework, you will have to use at least version 1.4.16.</system-out><system-err>location: /home/khannasa/.m2/repository/com/thoughtworks/xstream/xstream/1.4.10/xstream-1.4.10.jar, project-references: [ java-sec-code:compile ]</system-err></testcase><testcase classname="CVE-2021-43859" name="pkg:maven/com.thoughtworks.xstream/xstream@1.4.10"><failure message="cvssV3: HIGH, score: 7.5 (CVSS:3.1/AV:N/AC:L/PR:N/UI:N/S:U/C:N/I:N/A:H)"/><system-out>XStream is an open source java library to serialize objects to XML and back again. Versions prior to 1.4.19 may allow a remote attacker to allocate 100% CPU time on the target system depending on CPU type or parallel execution of such a payload resulting in a denial of service only by manipulating the processed input stream. XStream 1.4.19 monitors and accumulates the time it takes to add elements to collections and throws an exception if a set threshold is exceeded. Users are advised to upgrade as soon as possible. Users unable to upgrade may set the NO_REFERENCE mode to prevent recursion. See GHSA-rmr5-cpv2-vgjf for further details on a workaround if an upgrade is not possible.</system-out><system-err>location: /home/khannasa/.m2/repository/com/thoughtworks/xstream/xstream/1.4.10/xstream-1.4.10.jar, project-references: [ java-sec-code:compile ]</system-err></testcase><testcase classname="CVE-2022-40151" name="pkg:maven/com.thoughtworks.xstream/xstream@1.4.10"><failure message="cvssV3: HIGH, score: 7.5 (CVSS:3.1/AV:N/AC:L/PR:N/UI:N/S:U/C:N/I:N/A:H)"/><system-out>Those using Xstream to seralize XML data may be vulnerable to Denial of Service attacks (DOS). If the parser is running on user supplied input, an attacker may supply content that causes the parser to crash by stackoverflow. This effect may support a denial of service attack.</system-out><system-err>location: /home/khannasa/.m2/repository/com/thoughtworks/xstream/xstream/1.4.10/xstream-1.4.10.jar, project-references: [ java-sec-code:compile ]</system-err></testcase><testcase classname="CVE-2022-40152" name="pkg:maven/com.thoughtworks.xstream/xstream@1.4.10"><failure message="cvssV3: HIGH, score: 7.5 (CVSS:3.1/AV:N/AC:L/PR:N/UI:N/S:U/C:N/I:N/A:H)"/><system-out>Those using Woodstox to parse XML data may be vulnerable to Denial of Service attacks (DOS) if DTD support is enabled. If the parser is running on user supplied input, an attacker may supply content that causes the parser to crash by stackoverflow. This effect may support a denial of service attack.</system-out><system-err>location: /home/khannasa/.m2/repository/com/thoughtworks/xstream/xstream/1.4.10/xstream-1.4.10.jar, project-references: [ java-sec-code:compile ]</system-err></testcase><testcase classname="CVE-2022-41966" name="pkg:maven/com.thoughtworks.xstream/xstream@1.4.10"><failure message="cvssV3: HIGH, score: 7.5 (CVSS:3.1/AV:N/AC:L/PR:N/UI:N/S:U/C:N/I:N/A:H)"/><system-out>XStream serializes Java objects to XML and back again. Versions prior to 1.4.20 may allow a remote attacker to terminate the application with a stack overflow error, resulting in a denial of service only via manipulation the processed input stream. The attack uses the hash code implementation for collections and maps to force recursive hash calculation causing a stack overflow. This issue is patched in version 1.4.20 which handles the stack overflow and raises an InputManipulationException instead. A potential workaround for users who only use HashMap or HashSet and whose XML refers these only as default map or set, is to change the default implementation of java.util.Map and java.util per the code example in the referenced advisory. However, this implies that your application does not care about the implementation of the map and all elements are comparable.</system-out><system-err>location: /home/khannasa/.m2/repository/com/thoughtworks/xstream/xstream/1.4.10/xstream-1.4.10.jar, project-references: [ java-sec-code:compile ]</system-err></testcase><testcase classname="CVE-2020-26259" name="pkg:maven/com.thoughtworks.xstream/xstream@1.4.10"><failure message="cvssV3: MEDIUM, score: 6.8 (CVSS:3.1/AV:N/AC:H/PR:N/UI:N/S:C/C:N/I:H/A:N)"/><system-out>XStream is a Java library to serialize objects to XML and back again. In XStream before version 1.4.15, is vulnerable to an Arbitrary File Deletion on the local host when unmarshalling. The vulnerability may allow a remote attacker to delete arbitrary know files on the host as log as the executing process has sufficient rights only by manipulating the processed input stream. If you rely on XStream&apos;s default blacklist of the Security Framework, you will have to use at least version 1.4.15. The reported vulnerability does not exist running Java 15 or higher. No user is affected, who followed the recommendation to setup XStream&apos;s Security Framework with a whitelist! Anyone relying on XStream&apos;s default blacklist can immediately switch to a whilelist for the allowed types to avoid the vulnerability. Users of XStream 1.4.14 or below who still want to use XStream default blacklist can use a workaround described in more detailed in the referenced advisories.</system-out><system-err>location: /home/khannasa/.m2/repository/com/thoughtworks/xstream/xstream/1.4.10/xstream-1.4.10.jar, project-references: [ java-sec-code:compile ]</system-err></testcase><testcase classname="CVE-2021-39140" name="pkg:maven/com.thoughtworks.xstream/xstream@1.4.10"><failure message="cvssV3: MEDIUM, score: 6.3 (CVSS:3.1/AV:N/AC:H/PR:L/UI:N/S:C/C:N/I:N/A:H)"/><system-out>XStream is a simple library to serialize objects to XML and back again. In affected versions this vulnerability may allow a remote attacker to allocate 100% CPU time on the target system depending on CPU type or parallel execution of such a payload resulting in a denial of service only by manipulating the processed input stream. No user is affected, who followed the recommendation to setup XStream&apos;s security framework with a whitelist limited to the minimal required types. XStream 1.4.18 uses no longer a blacklist by default, since it cannot be secured for general purpose.</system-out><system-err>location: /home/khannasa/.m2/repository/com/thoughtworks/xstream/xstream/1.4.10/xstream-1.4.10.jar, project-references: [ java-sec-code:compile ]</system-err></testcase></testsuite></testsuites>